[11-Jul-2024 12:01:49 UTC] PHP Fatal error:  Trait "Illuminate\Foundation\Auth\RegistersUsers" not found in /home/webserve/normy.esferasoft.in/app/Http/Controllers/Auth/RegisterController.php on line 12
[12-Jul-2024 08:40:31 UTC] PHP Fatal error:  Trait "Illuminate\Foundation\Auth\RegistersUsers" not found in /home/webserve/normy.esferasoft.in/app/Http/Controllers/Auth/RegisterController.php on line 12
[12-Jul-2024 08:42:10 UTC] PHP Fatal error:  Trait "Illuminate\Foundation\Auth\RegistersUsers" not found in /home/webserve/normy.esferasoft.in/app/Http/Controllers/Auth/RegisterController.php on line 12
[25-Jul-2024 09:27:34 UTC] PHP Fatal error:  During class fetch: Uncaught ErrorException: include(/home/webserve/normy.esferasoft.in/vendor/composer/../laravel/framework/src/Illuminate/Database/Eloquent/HasCollection.php): Failed to open stream: No such file or directory in /home/webserve/normy.esferasoft.in/vendor/composer/ClassLoader.php:571
Stack trace:
#0 /home/webserve/normy.esferasoft.in/vendor/laravel/framework/src/Illuminate/Foundation/Bootstrap/HandleExceptions.php(256): Illuminate\Foundation\Bootstrap\HandleExceptions->handleError()
#1 /home/webserve/normy.esferasoft.in/vendor/composer/ClassLoader.php(571): Illuminate\Foundation\Bootstrap\HandleExceptions->Illuminate\Foundation\Bootstrap\{closure}()
#2 /home/webserve/normy.esferasoft.in/vendor/composer/ClassLoader.php(571): include('/home/webserve/...')
#3 /home/webserve/normy.esferasoft.in/vendor/composer/ClassLoader.php(428): Composer\Autoload\includeFile()
#4 /home/webserve/normy.esferasoft.in/vendor/laravel/framework/src/Illuminate/Database/Eloquent/Model.php(28): Composer\Autoload\ClassLoader->loadClass()
#5 /home/webserve/normy.esferasoft.in/vendor/composer/ClassLoader.php(571): include('/home/webserve/...')
#6 /home/webserve/normy.esferasoft.in/vendor/composer/ClassLoader.php(428): Composer\Autoload\includeFile()
#7 /home/webserve/normy.esferasoft.in/vendor/laravel/framework/src/Illuminate/Database/DatabaseServiceProvider.php(41): Composer\Autoload\ClassLoader->loadClass()
#8 /home/webserve/normy.esferasoft.in/vendor/laravel/framework/src/Illuminate/Foundation/Application.php(868): Illuminate\Database\DatabaseServiceProvider->register()
#9 /home/webserve/normy.esferasoft.in/vendor/laravel/framework/src/Illuminate/Foundation/ProviderRepository.php(75): Illuminate\Foundation\Application->register()
#10 /home/webserve/normy.esferasoft.in/vendor/laravel/framework/src/Illuminate/Foundation/Application.php(843): Illuminate\Foundation\ProviderRepository->load()
#11 /home/webserve/normy.esferasoft.in/vendor/laravel/framework/src/Illuminate/Foundation/Bootstrap/RegisterProviders.php(37): Illuminate\Foundation\Application->registerConfiguredProviders()
#12 /home/webserve/normy.esferasoft.in/vendor/laravel/framework/src/Illuminate/Foundation/Application.php(316): Illuminate\Foundation\Bootstrap\RegisterProviders->bootstrap()
#13 /home/webserve/normy.esferasoft.in/vendor/laravel/framework/src/Illuminate/Foundation/Http/Kernel.php(186): Illuminate\Foundation\Application->bootstrapWith()
#14 /home/webserve/normy.esferasoft.in/vendor/laravel/framework/src/Illuminate/Foundation/Http/Kernel.php(170): Illuminate\Foundation\Http\Kernel->bootstrap()
#15 /home/webserve/normy.esferasoft.in/vendor/laravel/framework/src/Illuminate/Foundation/Http/Kernel.php(144): Illuminate\Foundation\Http\Kernel->sendRequestThroughRouter()
#16 /home/webserve/normy.esferasoft.in/vendor/laravel/framework/src/Illuminate/Foundation/Application.php(1188): Illuminate\Foundation\Http\Kernel->handle()
#17 /home/webserve/normy.esferasoft.in/public/index.php(17): Illuminate\Foundation\Application->handleRequest()
#18 {main} in /home/webserve/normy.esferasoft.in/vendor/laravel/framework/src/Illuminate/Database/Eloquent/Model.php on line 28
[25-Jul-2024 09:50:33 UTC] PHP Fatal error:  During class fetch: Uncaught ErrorException: include(/home/webserve/normy.esferasoft.in/vendor/composer/../laravel/framework/src/Illuminate/Database/Eloquent/HasCollection.php): Failed to open stream: No such file or directory in /home/webserve/normy.esferasoft.in/vendor/composer/ClassLoader.php:571
Stack trace:
#0 /home/webserve/normy.esferasoft.in/vendor/laravel/framework/src/Illuminate/Foundation/Bootstrap/HandleExceptions.php(256): Illuminate\Foundation\Bootstrap\HandleExceptions->handleError()
#1 /home/webserve/normy.esferasoft.in/vendor/composer/ClassLoader.php(571): Illuminate\Foundation\Bootstrap\HandleExceptions->Illuminate\Foundation\Bootstrap\{closure}()
#2 /home/webserve/normy.esferasoft.in/vendor/composer/ClassLoader.php(571): include('/home/webserve/...')
#3 /home/webserve/normy.esferasoft.in/vendor/composer/ClassLoader.php(428): Composer\Autoload\includeFile()
#4 /home/webserve/normy.esferasoft.in/vendor/laravel/framework/src/Illuminate/Database/Eloquent/Model.php(28): Composer\Autoload\ClassLoader->loadClass()
#5 /home/webserve/normy.esferasoft.in/vendor/composer/ClassLoader.php(571): include('/home/webserve/...')
#6 /home/webserve/normy.esferasoft.in/vendor/composer/ClassLoader.php(428): Composer\Autoload\includeFile()
#7 /home/webserve/normy.esferasoft.in/vendor/laravel/framework/src/Illuminate/Database/DatabaseServiceProvider.php(41): Composer\Autoload\ClassLoader->loadClass()
#8 /home/webserve/normy.esferasoft.in/vendor/laravel/framework/src/Illuminate/Foundation/Application.php(868): Illuminate\Database\DatabaseServiceProvider->register()
#9 /home/webserve/normy.esferasoft.in/vendor/laravel/framework/src/Illuminate/Foundation/ProviderRepository.php(75): Illuminate\Foundation\Application->register()
#10 /home/webserve/normy.esferasoft.in/vendor/laravel/framework/src/Illuminate/Foundation/Application.php(843): Illuminate\Foundation\ProviderRepository->load()
#11 /home/webserve/normy.esferasoft.in/vendor/laravel/framework/src/Illuminate/Foundation/Bootstrap/RegisterProviders.php(37): Illuminate\Foundation\Application->registerConfiguredProviders()
#12 /home/webserve/normy.esferasoft.in/vendor/laravel/framework/src/Illuminate/Foundation/Application.php(316): Illuminate\Foundation\Bootstrap\RegisterProviders->bootstrap()
#13 /home/webserve/normy.esferasoft.in/vendor/laravel/framework/src/Illuminate/Foundation/Http/Kernel.php(186): Illuminate\Foundation\Application->bootstrapWith()
#14 /home/webserve/normy.esferasoft.in/vendor/laravel/framework/src/Illuminate/Foundation/Http/Kernel.php(170): Illuminate\Foundation\Http\Kernel->bootstrap()
#15 /home/webserve/normy.esferasoft.in/vendor/laravel/framework/src/Illuminate/Foundation/Http/Kernel.php(144): Illuminate\Foundation\Http\Kernel->sendRequestThroughRouter()
#16 /home/webserve/normy.esferasoft.in/vendor/laravel/framework/src/Illuminate/Foundation/Application.php(1188): Illuminate\Foundation\Http\Kernel->handle()
#17 /home/webserve/normy.esferasoft.in/public/index.php(17): Illuminate\Foundation\Application->handleRequest()
#18 {main} in /home/webserve/normy.esferasoft.in/vendor/laravel/framework/src/Illuminate/Database/Eloquent/Model.php on line 28
[25-Jul-2024 09:52:03 UTC] PHP Fatal error:  During class fetch: Uncaught ErrorException: include(/home/webserve/normy.esferasoft.in/vendor/composer/../laravel/framework/src/Illuminate/Database/Eloquent/HasCollection.php): Failed to open stream: No such file or directory in /home/webserve/normy.esferasoft.in/vendor/composer/ClassLoader.php:571
Stack trace:
#0 /home/webserve/normy.esferasoft.in/vendor/laravel/framework/src/Illuminate/Foundation/Bootstrap/HandleExceptions.php(256): Illuminate\Foundation\Bootstrap\HandleExceptions->handleError()
#1 /home/webserve/normy.esferasoft.in/vendor/composer/ClassLoader.php(571): Illuminate\Foundation\Bootstrap\HandleExceptions->Illuminate\Foundation\Bootstrap\{closure}()
#2 /home/webserve/normy.esferasoft.in/vendor/composer/ClassLoader.php(571): include('/home/webserve/...')
#3 /home/webserve/normy.esferasoft.in/vendor/composer/ClassLoader.php(428): Composer\Autoload\includeFile()
#4 /home/webserve/normy.esferasoft.in/vendor/laravel/framework/src/Illuminate/Database/Eloquent/Model.php(28): Composer\Autoload\ClassLoader->loadClass()
#5 /home/webserve/normy.esferasoft.in/vendor/composer/ClassLoader.php(571): include('/home/webserve/...')
#6 /home/webserve/normy.esferasoft.in/vendor/composer/ClassLoader.php(428): Composer\Autoload\includeFile()
#7 /home/webserve/normy.esferasoft.in/vendor/laravel/framework/src/Illuminate/Database/DatabaseServiceProvider.php(41): Composer\Autoload\ClassLoader->loadClass()
#8 /home/webserve/normy.esferasoft.in/vendor/laravel/framework/src/Illuminate/Foundation/Application.php(868): Illuminate\Database\DatabaseServiceProvider->register()
#9 /home/webserve/normy.esferasoft.in/vendor/laravel/framework/src/Illuminate/Foundation/ProviderRepository.php(75): Illuminate\Foundation\Application->register()
#10 /home/webserve/normy.esferasoft.in/vendor/laravel/framework/src/Illuminate/Foundation/Application.php(843): Illuminate\Foundation\ProviderRepository->load()
#11 /home/webserve/normy.esferasoft.in/vendor/laravel/framework/src/Illuminate/Foundation/Bootstrap/RegisterProviders.php(37): Illuminate\Foundation\Application->registerConfiguredProviders()
#12 /home/webserve/normy.esferasoft.in/vendor/laravel/framework/src/Illuminate/Foundation/Application.php(316): Illuminate\Foundation\Bootstrap\RegisterProviders->bootstrap()
#13 /home/webserve/normy.esferasoft.in/vendor/laravel/framework/src/Illuminate/Foundation/Http/Kernel.php(186): Illuminate\Foundation\Application->bootstrapWith()
#14 /home/webserve/normy.esferasoft.in/vendor/laravel/framework/src/Illuminate/Foundation/Http/Kernel.php(170): Illuminate\Foundation\Http\Kernel->bootstrap()
#15 /home/webserve/normy.esferasoft.in/vendor/laravel/framework/src/Illuminate/Foundation/Http/Kernel.php(144): Illuminate\Foundation\Http\Kernel->sendRequestThroughRouter()
#16 /home/webserve/normy.esferasoft.in/vendor/laravel/framework/src/Illuminate/Foundation/Application.php(1188): Illuminate\Foundation\Http\Kernel->handle()
#17 /home/webserve/normy.esferasoft.in/public/index.php(17): Illuminate\Foundation\Application->handleRequest()
#18 {main} in /home/webserve/normy.esferasoft.in/vendor/laravel/framework/src/Illuminate/Database/Eloquent/Model.php on line 28
[25-Jul-2024 09:52:46 UTC] PHP Fatal error:  During class fetch: Uncaught ErrorException: include(/home/webserve/normy.esferasoft.in/vendor/composer/../laravel/framework/src/Illuminate/Database/Eloquent/HasCollection.php): Failed to open stream: No such file or directory in /home/webserve/normy.esferasoft.in/vendor/composer/ClassLoader.php:571
Stack trace:
#0 /home/webserve/normy.esferasoft.in/vendor/laravel/framework/src/Illuminate/Foundation/Bootstrap/HandleExceptions.php(256): Illuminate\Foundation\Bootstrap\HandleExceptions->handleError()
#1 /home/webserve/normy.esferasoft.in/vendor/composer/ClassLoader.php(571): Illuminate\Foundation\Bootstrap\HandleExceptions->Illuminate\Foundation\Bootstrap\{closure}()
#2 /home/webserve/normy.esferasoft.in/vendor/composer/ClassLoader.php(571): include('/home/webserve/...')
#3 /home/webserve/normy.esferasoft.in/vendor/composer/ClassLoader.php(428): Composer\Autoload\includeFile()
#4 /home/webserve/normy.esferasoft.in/vendor/laravel/framework/src/Illuminate/Database/Eloquent/Model.php(28): Composer\Autoload\ClassLoader->loadClass()
#5 /home/webserve/normy.esferasoft.in/vendor/composer/ClassLoader.php(571): include('/home/webserve/...')
#6 /home/webserve/normy.esferasoft.in/vendor/composer/ClassLoader.php(428): Composer\Autoload\includeFile()
#7 /home/webserve/normy.esferasoft.in/vendor/laravel/framework/src/Illuminate/Database/DatabaseServiceProvider.php(41): Composer\Autoload\ClassLoader->loadClass()
#8 /home/webserve/normy.esferasoft.in/vendor/laravel/framework/src/Illuminate/Foundation/Application.php(868): Illuminate\Database\DatabaseServiceProvider->register()
#9 /home/webserve/normy.esferasoft.in/vendor/laravel/framework/src/Illuminate/Foundation/ProviderRepository.php(75): Illuminate\Foundation\Application->register()
#10 /home/webserve/normy.esferasoft.in/vendor/laravel/framework/src/Illuminate/Foundation/Application.php(843): Illuminate\Foundation\ProviderRepository->load()
#11 /home/webserve/normy.esferasoft.in/vendor/laravel/framework/src/Illuminate/Foundation/Bootstrap/RegisterProviders.php(37): Illuminate\Foundation\Application->registerConfiguredProviders()
#12 /home/webserve/normy.esferasoft.in/vendor/laravel/framework/src/Illuminate/Foundation/Application.php(316): Illuminate\Foundation\Bootstrap\RegisterProviders->bootstrap()
#13 /home/webserve/normy.esferasoft.in/vendor/laravel/framework/src/Illuminate/Foundation/Http/Kernel.php(186): Illuminate\Foundation\Application->bootstrapWith()
#14 /home/webserve/normy.esferasoft.in/vendor/laravel/framework/src/Illuminate/Foundation/Http/Kernel.php(170): Illuminate\Foundation\Http\Kernel->bootstrap()
#15 /home/webserve/normy.esferasoft.in/vendor/laravel/framework/src/Illuminate/Foundation/Http/Kernel.php(144): Illuminate\Foundation\Http\Kernel->sendRequestThroughRouter()
#16 /home/webserve/normy.esferasoft.in/vendor/laravel/framework/src/Illuminate/Foundation/Application.php(1188): Illuminate\Foundation\Http\Kernel->handle()
#17 /home/webserve/normy.esferasoft.in/public/index.php(17): Illuminate\Foundation\Application->handleRequest()
#18 {main} in /home/webserve/normy.esferasoft.in/vendor/laravel/framework/src/Illuminate/Database/Eloquent/Model.php on line 28
[25-Jul-2024 09:53:28 UTC] PHP Fatal error:  During class fetch: Uncaught ErrorException: include(/home/webserve/normy.esferasoft.in/vendor/composer/../laravel/framework/src/Illuminate/Database/Eloquent/HasCollection.php): Failed to open stream: No such file or directory in /home/webserve/normy.esferasoft.in/vendor/composer/ClassLoader.php:571
Stack trace:
#0 /home/webserve/normy.esferasoft.in/vendor/laravel/framework/src/Illuminate/Foundation/Bootstrap/HandleExceptions.php(256): Illuminate\Foundation\Bootstrap\HandleExceptions->handleError()
#1 /home/webserve/normy.esferasoft.in/vendor/composer/ClassLoader.php(571): Illuminate\Foundation\Bootstrap\HandleExceptions->Illuminate\Foundation\Bootstrap\{closure}()
#2 /home/webserve/normy.esferasoft.in/vendor/composer/ClassLoader.php(571): include('/home/webserve/...')
#3 /home/webserve/normy.esferasoft.in/vendor/composer/ClassLoader.php(428): Composer\Autoload\includeFile()
#4 /home/webserve/normy.esferasoft.in/vendor/laravel/framework/src/Illuminate/Database/Eloquent/Model.php(28): Composer\Autoload\ClassLoader->loadClass()
#5 /home/webserve/normy.esferasoft.in/vendor/composer/ClassLoader.php(571): include('/home/webserve/...')
#6 /home/webserve/normy.esferasoft.in/vendor/composer/ClassLoader.php(428): Composer\Autoload\includeFile()
#7 /home/webserve/normy.esferasoft.in/vendor/laravel/framework/src/Illuminate/Database/DatabaseServiceProvider.php(41): Composer\Autoload\ClassLoader->loadClass()
#8 /home/webserve/normy.esferasoft.in/vendor/laravel/framework/src/Illuminate/Foundation/Application.php(868): Illuminate\Database\DatabaseServiceProvider->register()
#9 /home/webserve/normy.esferasoft.in/vendor/laravel/framework/src/Illuminate/Foundation/ProviderRepository.php(75): Illuminate\Foundation\Application->register()
#10 /home/webserve/normy.esferasoft.in/vendor/laravel/framework/src/Illuminate/Foundation/Application.php(843): Illuminate\Foundation\ProviderRepository->load()
#11 /home/webserve/normy.esferasoft.in/vendor/laravel/framework/src/Illuminate/Foundation/Bootstrap/RegisterProviders.php(37): Illuminate\Foundation\Application->registerConfiguredProviders()
#12 /home/webserve/normy.esferasoft.in/vendor/laravel/framework/src/Illuminate/Foundation/Application.php(316): Illuminate\Foundation\Bootstrap\RegisterProviders->bootstrap()
#13 /home/webserve/normy.esferasoft.in/vendor/laravel/framework/src/Illuminate/Foundation/Http/Kernel.php(186): Illuminate\Foundation\Application->bootstrapWith()
#14 /home/webserve/normy.esferasoft.in/vendor/laravel/framework/src/Illuminate/Foundation/Http/Kernel.php(170): Illuminate\Foundation\Http\Kernel->bootstrap()
#15 /home/webserve/normy.esferasoft.in/vendor/laravel/framework/src/Illuminate/Foundation/Http/Kernel.php(144): Illuminate\Foundation\Http\Kernel->sendRequestThroughRouter()
#16 /home/webserve/normy.esferasoft.in/vendor/laravel/framework/src/Illuminate/Foundation/Application.php(1188): Illuminate\Foundation\Http\Kernel->handle()
#17 /home/webserve/normy.esferasoft.in/public/index.php(17): Illuminate\Foundation\Application->handleRequest()
#18 {main} in /home/webserve/normy.esferasoft.in/vendor/laravel/framework/src/Illuminate/Database/Eloquent/Model.php on line 28
[25-Jul-2024 09:58:03 UTC] PHP Fatal error:  During class fetch: Uncaught ErrorException: include(/home/webserve/normy.esferasoft.in/vendor/composer/../laravel/framework/src/Illuminate/Database/Eloquent/HasCollection.php): Failed to open stream: No such file or directory in /home/webserve/normy.esferasoft.in/vendor/composer/ClassLoader.php:571
Stack trace:
#0 /home/webserve/normy.esferasoft.in/vendor/laravel/framework/src/Illuminate/Foundation/Bootstrap/HandleExceptions.php(256): Illuminate\Foundation\Bootstrap\HandleExceptions->handleError()
#1 /home/webserve/normy.esferasoft.in/vendor/composer/ClassLoader.php(571): Illuminate\Foundation\Bootstrap\HandleExceptions->Illuminate\Foundation\Bootstrap\{closure}()
#2 /home/webserve/normy.esferasoft.in/vendor/composer/ClassLoader.php(571): include('/home/webserve/...')
#3 /home/webserve/normy.esferasoft.in/vendor/composer/ClassLoader.php(428): Composer\Autoload\includeFile()
#4 /home/webserve/normy.esferasoft.in/vendor/laravel/framework/src/Illuminate/Database/Eloquent/Model.php(28): Composer\Autoload\ClassLoader->loadClass()
#5 /home/webserve/normy.esferasoft.in/vendor/composer/ClassLoader.php(571): include('/home/webserve/...')
#6 /home/webserve/normy.esferasoft.in/vendor/composer/ClassLoader.php(428): Composer\Autoload\includeFile()
#7 /home/webserve/normy.esferasoft.in/vendor/laravel/framework/src/Illuminate/Database/DatabaseServiceProvider.php(41): Composer\Autoload\ClassLoader->loadClass()
#8 /home/webserve/normy.esferasoft.in/vendor/laravel/framework/src/Illuminate/Foundation/Application.php(868): Illuminate\Database\DatabaseServiceProvider->register()
#9 /home/webserve/normy.esferasoft.in/vendor/laravel/framework/src/Illuminate/Foundation/ProviderRepository.php(75): Illuminate\Foundation\Application->register()
#10 /home/webserve/normy.esferasoft.in/vendor/laravel/framework/src/Illuminate/Foundation/Application.php(843): Illuminate\Foundation\ProviderRepository->load()
#11 /home/webserve/normy.esferasoft.in/vendor/laravel/framework/src/Illuminate/Foundation/Bootstrap/RegisterProviders.php(37): Illuminate\Foundation\Application->registerConfiguredProviders()
#12 /home/webserve/normy.esferasoft.in/vendor/laravel/framework/src/Illuminate/Foundation/Application.php(316): Illuminate\Foundation\Bootstrap\RegisterProviders->bootstrap()
#13 /home/webserve/normy.esferasoft.in/vendor/laravel/framework/src/Illuminate/Foundation/Http/Kernel.php(186): Illuminate\Foundation\Application->bootstrapWith()
#14 /home/webserve/normy.esferasoft.in/vendor/laravel/framework/src/Illuminate/Foundation/Http/Kernel.php(170): Illuminate\Foundation\Http\Kernel->bootstrap()
#15 /home/webserve/normy.esferasoft.in/vendor/laravel/framework/src/Illuminate/Foundation/Http/Kernel.php(144): Illuminate\Foundation\Http\Kernel->sendRequestThroughRouter()
#16 /home/webserve/normy.esferasoft.in/vendor/laravel/framework/src/Illuminate/Foundation/Application.php(1188): Illuminate\Foundation\Http\Kernel->handle()
#17 /home/webserve/normy.esferasoft.in/public/index.php(17): Illuminate\Foundation\Application->handleRequest()
#18 {main} in /home/webserve/normy.esferasoft.in/vendor/laravel/framework/src/Illuminate/Database/Eloquent/Model.php on line 28
[25-Jul-2024 10:01:50 UTC] PHP Fatal error:  During class fetch: Uncaught ErrorException: include(/home/webserve/normy.esferasoft.in/vendor/composer/../laravel/framework/src/Illuminate/Database/Eloquent/HasCollection.php): Failed to open stream: No such file or directory in /home/webserve/normy.esferasoft.in/vendor/composer/ClassLoader.php:571
Stack trace:
#0 /home/webserve/normy.esferasoft.in/vendor/laravel/framework/src/Illuminate/Foundation/Bootstrap/HandleExceptions.php(256): Illuminate\Foundation\Bootstrap\HandleExceptions->handleError()
#1 /home/webserve/normy.esferasoft.in/vendor/composer/ClassLoader.php(571): Illuminate\Foundation\Bootstrap\HandleExceptions->Illuminate\Foundation\Bootstrap\{closure}()
#2 /home/webserve/normy.esferasoft.in/vendor/composer/ClassLoader.php(571): include('/home/webserve/...')
#3 /home/webserve/normy.esferasoft.in/vendor/composer/ClassLoader.php(428): Composer\Autoload\includeFile()
#4 /home/webserve/normy.esferasoft.in/vendor/laravel/framework/src/Illuminate/Database/Eloquent/Model.php(28): Composer\Autoload\ClassLoader->loadClass()
#5 /home/webserve/normy.esferasoft.in/vendor/composer/ClassLoader.php(571): include('/home/webserve/...')
#6 /home/webserve/normy.esferasoft.in/vendor/composer/ClassLoader.php(428): Composer\Autoload\includeFile()
#7 /home/webserve/normy.esferasoft.in/vendor/laravel/framework/src/Illuminate/Database/DatabaseServiceProvider.php(41): Composer\Autoload\ClassLoader->loadClass()
#8 /home/webserve/normy.esferasoft.in/vendor/laravel/framework/src/Illuminate/Foundation/Application.php(868): Illuminate\Database\DatabaseServiceProvider->register()
#9 /home/webserve/normy.esferasoft.in/vendor/laravel/framework/src/Illuminate/Foundation/ProviderRepository.php(75): Illuminate\Foundation\Application->register()
#10 /home/webserve/normy.esferasoft.in/vendor/laravel/framework/src/Illuminate/Foundation/Application.php(843): Illuminate\Foundation\ProviderRepository->load()
#11 /home/webserve/normy.esferasoft.in/vendor/laravel/framework/src/Illuminate/Foundation/Bootstrap/RegisterProviders.php(37): Illuminate\Foundation\Application->registerConfiguredProviders()
#12 /home/webserve/normy.esferasoft.in/vendor/laravel/framework/src/Illuminate/Foundation/Application.php(316): Illuminate\Foundation\Bootstrap\RegisterProviders->bootstrap()
#13 /home/webserve/normy.esferasoft.in/vendor/laravel/framework/src/Illuminate/Foundation/Http/Kernel.php(186): Illuminate\Foundation\Application->bootstrapWith()
#14 /home/webserve/normy.esferasoft.in/vendor/laravel/framework/src/Illuminate/Foundation/Http/Kernel.php(170): Illuminate\Foundation\Http\Kernel->bootstrap()
#15 /home/webserve/normy.esferasoft.in/vendor/laravel/framework/src/Illuminate/Foundation/Http/Kernel.php(144): Illuminate\Foundation\Http\Kernel->sendRequestThroughRouter()
#16 /home/webserve/normy.esferasoft.in/vendor/laravel/framework/src/Illuminate/Foundation/Application.php(1188): Illuminate\Foundation\Http\Kernel->handle()
#17 /home/webserve/normy.esferasoft.in/public/index.php(17): Illuminate\Foundation\Application->handleRequest()
#18 {main} in /home/webserve/normy.esferasoft.in/vendor/laravel/framework/src/Illuminate/Database/Eloquent/Model.php on line 28
[25-Jul-2024 10:02:42 UTC] PHP Fatal error:  During class fetch: Uncaught ErrorException: include(/home/webserve/normy.esferasoft.in/vendor/composer/../laravel/framework/src/Illuminate/Database/Eloquent/HasCollection.php): Failed to open stream: No such file or directory in /home/webserve/normy.esferasoft.in/vendor/composer/ClassLoader.php:571
Stack trace:
#0 /home/webserve/normy.esferasoft.in/vendor/laravel/framework/src/Illuminate/Foundation/Bootstrap/HandleExceptions.php(256): Illuminate\Foundation\Bootstrap\HandleExceptions->handleError()
#1 /home/webserve/normy.esferasoft.in/vendor/composer/ClassLoader.php(571): Illuminate\Foundation\Bootstrap\HandleExceptions->Illuminate\Foundation\Bootstrap\{closure}()
#2 /home/webserve/normy.esferasoft.in/vendor/composer/ClassLoader.php(571): include('/home/webserve/...')
#3 /home/webserve/normy.esferasoft.in/vendor/composer/ClassLoader.php(428): Composer\Autoload\includeFile()
#4 /home/webserve/normy.esferasoft.in/vendor/laravel/framework/src/Illuminate/Database/Eloquent/Model.php(28): Composer\Autoload\ClassLoader->loadClass()
#5 /home/webserve/normy.esferasoft.in/vendor/composer/ClassLoader.php(571): include('/home/webserve/...')
#6 /home/webserve/normy.esferasoft.in/vendor/composer/ClassLoader.php(428): Composer\Autoload\includeFile()
#7 /home/webserve/normy.esferasoft.in/vendor/laravel/framework/src/Illuminate/Database/DatabaseServiceProvider.php(41): Composer\Autoload\ClassLoader->loadClass()
#8 /home/webserve/normy.esferasoft.in/vendor/laravel/framework/src/Illuminate/Foundation/Application.php(868): Illuminate\Database\DatabaseServiceProvider->register()
#9 /home/webserve/normy.esferasoft.in/vendor/laravel/framework/src/Illuminate/Foundation/ProviderRepository.php(75): Illuminate\Foundation\Application->register()
#10 /home/webserve/normy.esferasoft.in/vendor/laravel/framework/src/Illuminate/Foundation/Application.php(843): Illuminate\Foundation\ProviderRepository->load()
#11 /home/webserve/normy.esferasoft.in/vendor/laravel/framework/src/Illuminate/Foundation/Bootstrap/RegisterProviders.php(37): Illuminate\Foundation\Application->registerConfiguredProviders()
#12 /home/webserve/normy.esferasoft.in/vendor/laravel/framework/src/Illuminate/Foundation/Application.php(316): Illuminate\Foundation\Bootstrap\RegisterProviders->bootstrap()
#13 /home/webserve/normy.esferasoft.in/vendor/laravel/framework/src/Illuminate/Foundation/Http/Kernel.php(186): Illuminate\Foundation\Application->bootstrapWith()
#14 /home/webserve/normy.esferasoft.in/vendor/laravel/framework/src/Illuminate/Foundation/Http/Kernel.php(170): Illuminate\Foundation\Http\Kernel->bootstrap()
#15 /home/webserve/normy.esferasoft.in/vendor/laravel/framework/src/Illuminate/Foundation/Http/Kernel.php(144): Illuminate\Foundation\Http\Kernel->sendRequestThroughRouter()
#16 /home/webserve/normy.esferasoft.in/vendor/laravel/framework/src/Illuminate/Foundation/Application.php(1188): Illuminate\Foundation\Http\Kernel->handle()
#17 /home/webserve/normy.esferasoft.in/public/index.php(17): Illuminate\Foundation\Application->handleRequest()
#18 {main} in /home/webserve/normy.esferasoft.in/vendor/laravel/framework/src/Illuminate/Database/Eloquent/Model.php on line 28
[25-Jul-2024 10:05:02 UTC] PHP Fatal error:  During class fetch: Uncaught ErrorException: include(/home/webserve/normy.esferasoft.in/vendor/composer/../laravel/framework/src/Illuminate/Database/Eloquent/HasCollection.php): Failed to open stream: No such file or directory in /home/webserve/normy.esferasoft.in/vendor/composer/ClassLoader.php:571
Stack trace:
#0 /home/webserve/normy.esferasoft.in/vendor/laravel/framework/src/Illuminate/Foundation/Bootstrap/HandleExceptions.php(256): Illuminate\Foundation\Bootstrap\HandleExceptions->handleError()
#1 /home/webserve/normy.esferasoft.in/vendor/composer/ClassLoader.php(571): Illuminate\Foundation\Bootstrap\HandleExceptions->Illuminate\Foundation\Bootstrap\{closure}()
#2 /home/webserve/normy.esferasoft.in/vendor/composer/ClassLoader.php(571): include('/home/webserve/...')
#3 /home/webserve/normy.esferasoft.in/vendor/composer/ClassLoader.php(428): Composer\Autoload\includeFile()
#4 /home/webserve/normy.esferasoft.in/vendor/laravel/framework/src/Illuminate/Database/Eloquent/Model.php(28): Composer\Autoload\ClassLoader->loadClass()
#5 /home/webserve/normy.esferasoft.in/vendor/composer/ClassLoader.php(571): include('/home/webserve/...')
#6 /home/webserve/normy.esferasoft.in/vendor/composer/ClassLoader.php(428): Composer\Autoload\includeFile()
#7 /home/webserve/normy.esferasoft.in/vendor/laravel/framework/src/Illuminate/Database/DatabaseServiceProvider.php(41): Composer\Autoload\ClassLoader->loadClass()
#8 /home/webserve/normy.esferasoft.in/vendor/laravel/framework/src/Illuminate/Foundation/Application.php(868): Illuminate\Database\DatabaseServiceProvider->register()
#9 /home/webserve/normy.esferasoft.in/vendor/laravel/framework/src/Illuminate/Foundation/ProviderRepository.php(75): Illuminate\Foundation\Application->register()
#10 /home/webserve/normy.esferasoft.in/vendor/laravel/framework/src/Illuminate/Foundation/Application.php(843): Illuminate\Foundation\ProviderRepository->load()
#11 /home/webserve/normy.esferasoft.in/vendor/laravel/framework/src/Illuminate/Foundation/Bootstrap/RegisterProviders.php(37): Illuminate\Foundation\Application->registerConfiguredProviders()
#12 /home/webserve/normy.esferasoft.in/vendor/laravel/framework/src/Illuminate/Foundation/Application.php(316): Illuminate\Foundation\Bootstrap\RegisterProviders->bootstrap()
#13 /home/webserve/normy.esferasoft.in/vendor/laravel/framework/src/Illuminate/Foundation/Http/Kernel.php(186): Illuminate\Foundation\Application->bootstrapWith()
#14 /home/webserve/normy.esferasoft.in/vendor/laravel/framework/src/Illuminate/Foundation/Http/Kernel.php(170): Illuminate\Foundation\Http\Kernel->bootstrap()
#15 /home/webserve/normy.esferasoft.in/vendor/laravel/framework/src/Illuminate/Foundation/Http/Kernel.php(144): Illuminate\Foundation\Http\Kernel->sendRequestThroughRouter()
#16 /home/webserve/normy.esferasoft.in/vendor/laravel/framework/src/Illuminate/Foundation/Application.php(1188): Illuminate\Foundation\Http\Kernel->handle()
#17 /home/webserve/normy.esferasoft.in/public/index.php(17): Illuminate\Foundation\Application->handleRequest()
#18 {main} in /home/webserve/normy.esferasoft.in/vendor/laravel/framework/src/Illuminate/Database/Eloquent/Model.php on line 28
[25-Jul-2024 10:27:53 UTC] PHP Fatal error:  Trait "Illuminate\Database\Eloquent\HasCollection" not found in /home/webserve/normy.esferasoft.in/vendor/laravel/framework/src/Illuminate/Database/Eloquent/Model.php on line 28
[25-Jul-2024 10:32:10 UTC] PHP Fatal error:  Trait "Illuminate\Database\Eloquent\HasCollection" not found in /home/webserve/normy.esferasoft.in/vendor/laravel/framework/src/Illuminate/Database/Eloquent/Model.php on line 28
[25-Jul-2024 10:32:12 UTC] PHP Fatal error:  Trait "Illuminate\Database\Eloquent\HasCollection" not found in /home/webserve/normy.esferasoft.in/vendor/laravel/framework/src/Illuminate/Database/Eloquent/Model.php on line 28
[25-Jul-2024 10:39:22 UTC] PHP Fatal error:  Trait "Illuminate\Database\Eloquent\HasCollection" not found in /home/webserve/normy.esferasoft.in/vendor/laravel/framework/src/Illuminate/Database/Eloquent/Model.php on line 28
[25-Jul-2024 10:39:25 UTC] PHP Fatal error:  Trait "Illuminate\Database\Eloquent\HasCollection" not found in /home/webserve/normy.esferasoft.in/vendor/laravel/framework/src/Illuminate/Database/Eloquent/Model.php on line 28
[31-Jul-2024 12:33:46 UTC] PHP Warning:  require(/home/webserve/normy.esferasoft.in/vendor/composer/../phpseclib/phpseclib/phpseclib/bootstrap.php): Failed to open stream: No such file or directory in /home/webserve/normy.esferasoft.in/vendor/composer/autoload_real.php on line 78
[31-Jul-2024 12:33:46 UTC] PHP Fatal error:  Uncaught Error: Failed opening required '/home/webserve/normy.esferasoft.in/vendor/composer/../phpseclib/phpseclib/phpseclib/bootstrap.php' (include_path='.:/opt/alt/php82/usr/share/pear:/opt/alt/php82/usr/share/php:/usr/share/pear:/usr/share/php') in /home/webserve/normy.esferasoft.in/vendor/composer/autoload_real.php:78
Stack trace:
#0 /home/webserve/normy.esferasoft.in/vendor/composer/autoload_real.php(61): composerRequirefd56e7e40506968b981091c881760fa1()
#1 /home/webserve/normy.esferasoft.in/vendor/autoload.php(7): ComposerAutoloaderInitfd56e7e40506968b981091c881760fa1::getLoader()
#2 /home/webserve/normy.esferasoft.in/public/index.php(13): require('/home/webserve/...')
#3 {main}
  thrown in /home/webserve/normy.esferasoft.in/vendor/composer/autoload_real.php on line 78
[31-Jul-2024 12:34:03 UTC] PHP Warning:  require(/home/webserve/normy.esferasoft.in/vendor/composer/../phpseclib/phpseclib/phpseclib/bootstrap.php): Failed to open stream: No such file or directory in /home/webserve/normy.esferasoft.in/vendor/composer/autoload_real.php on line 78
[31-Jul-2024 12:34:03 UTC] PHP Fatal error:  Uncaught Error: Failed opening required '/home/webserve/normy.esferasoft.in/vendor/composer/../phpseclib/phpseclib/phpseclib/bootstrap.php' (include_path='.:/opt/alt/php82/usr/share/pear:/opt/alt/php82/usr/share/php:/usr/share/pear:/usr/share/php') in /home/webserve/normy.esferasoft.in/vendor/composer/autoload_real.php:78
Stack trace:
#0 /home/webserve/normy.esferasoft.in/vendor/composer/autoload_real.php(61): composerRequirefd56e7e40506968b981091c881760fa1()
#1 /home/webserve/normy.esferasoft.in/vendor/autoload.php(7): ComposerAutoloaderInitfd56e7e40506968b981091c881760fa1::getLoader()
#2 /home/webserve/normy.esferasoft.in/public/index.php(13): require('/home/webserve/...')
#3 {main}
  thrown in /home/webserve/normy.esferasoft.in/vendor/composer/autoload_real.php on line 78
[31-Jul-2024 12:34:18 UTC] PHP Warning:  require(/home/webserve/normy.esferasoft.in/vendor/composer/../phpseclib/phpseclib/phpseclib/bootstrap.php): Failed to open stream: No such file or directory in /home/webserve/normy.esferasoft.in/vendor/composer/autoload_real.php on line 78
[31-Jul-2024 12:34:18 UTC] PHP Fatal error:  Uncaught Error: Failed opening required '/home/webserve/normy.esferasoft.in/vendor/composer/../phpseclib/phpseclib/phpseclib/bootstrap.php' (include_path='.:/opt/alt/php82/usr/share/pear:/opt/alt/php82/usr/share/php:/usr/share/pear:/usr/share/php') in /home/webserve/normy.esferasoft.in/vendor/composer/autoload_real.php:78
Stack trace:
#0 /home/webserve/normy.esferasoft.in/vendor/composer/autoload_real.php(61): composerRequirefd56e7e40506968b981091c881760fa1()
#1 /home/webserve/normy.esferasoft.in/vendor/autoload.php(7): ComposerAutoloaderInitfd56e7e40506968b981091c881760fa1::getLoader()
#2 /home/webserve/normy.esferasoft.in/public/index.php(13): require('/home/webserve/...')
#3 {main}
  thrown in /home/webserve/normy.esferasoft.in/vendor/composer/autoload_real.php on line 78
[31-Jul-2024 12:36:42 UTC] PHP Warning:  require(/home/webserve/normy.esferasoft.in/vendor/composer/../phpseclib/phpseclib/phpseclib/bootstrap.php): Failed to open stream: No such file or directory in /home/webserve/normy.esferasoft.in/vendor/composer/autoload_real.php on line 78
[31-Jul-2024 12:36:42 UTC] PHP Fatal error:  Uncaught Error: Failed opening required '/home/webserve/normy.esferasoft.in/vendor/composer/../phpseclib/phpseclib/phpseclib/bootstrap.php' (include_path='.:/opt/alt/php82/usr/share/pear:/opt/alt/php82/usr/share/php:/usr/share/pear:/usr/share/php') in /home/webserve/normy.esferasoft.in/vendor/composer/autoload_real.php:78
Stack trace:
#0 /home/webserve/normy.esferasoft.in/vendor/composer/autoload_real.php(61): composerRequirefd56e7e40506968b981091c881760fa1()
#1 /home/webserve/normy.esferasoft.in/vendor/autoload.php(7): ComposerAutoloaderInitfd56e7e40506968b981091c881760fa1::getLoader()
#2 /home/webserve/normy.esferasoft.in/public/index.php(13): require('/home/webserve/...')
#3 {main}
  thrown in /home/webserve/normy.esferasoft.in/vendor/composer/autoload_real.php on line 78
[31-Jul-2024 12:36:45 UTC] PHP Warning:  require(/home/webserve/normy.esferasoft.in/vendor/composer/../phpseclib/phpseclib/phpseclib/bootstrap.php): Failed to open stream: No such file or directory in /home/webserve/normy.esferasoft.in/vendor/composer/autoload_real.php on line 78
[31-Jul-2024 12:36:45 UTC] PHP Fatal error:  Uncaught Error: Failed opening required '/home/webserve/normy.esferasoft.in/vendor/composer/../phpseclib/phpseclib/phpseclib/bootstrap.php' (include_path='.:/opt/alt/php82/usr/share/pear:/opt/alt/php82/usr/share/php:/usr/share/pear:/usr/share/php') in /home/webserve/normy.esferasoft.in/vendor/composer/autoload_real.php:78
Stack trace:
#0 /home/webserve/normy.esferasoft.in/vendor/composer/autoload_real.php(61): composerRequirefd56e7e40506968b981091c881760fa1()
#1 /home/webserve/normy.esferasoft.in/vendor/autoload.php(7): ComposerAutoloaderInitfd56e7e40506968b981091c881760fa1::getLoader()
#2 /home/webserve/normy.esferasoft.in/public/index.php(13): require('/home/webserve/...')
#3 {main}
  thrown in /home/webserve/normy.esferasoft.in/vendor/composer/autoload_real.php on line 78
[29-Aug-2024 05:43:04 UTC] PHP Fatal error:  Cannot redeclare App\Http\Controllers\api\AuthController::verifyOtp() in /home/webserve/normy.esferasoft.in/app/Http/Controllers/api/AuthController.php on line 733
[13-Sep-2024 04:41:52 UTC] Stripe Notice: Undefined property of Stripe\Customer instance: sources
[13-Sep-2024 04:42:21 UTC] Stripe Notice: Undefined property of Stripe\Customer instance: sources
[13-Sep-2024 04:42:43 UTC] Stripe Notice: Undefined property of Stripe\Customer instance: sources
[13-Sep-2024 04:44:04 UTC] Stripe Notice: Undefined property of Stripe\Customer instance: sources
[13-Sep-2024 04:44:28 UTC] Stripe Notice: Undefined property of Stripe\Customer instance: sources
[13-Sep-2024 04:49:16 UTC] Stripe Notice: Undefined property of Stripe\Customer instance: sources
[13-Sep-2024 04:52:24 UTC] Stripe Notice: Undefined property of Stripe\Customer instance: sources
[13-Sep-2024 05:07:21 UTC] Stripe Notice: Undefined property of Stripe\Customer instance: sources
[17-Sep-2024 09:51:20 UTC] PHP Fatal error:  Cannot redeclare App\Http\Controllers\api\AuthController::setNewPassword() in /home/webserve/normy.esferasoft.in/app/Http/Controllers/api/AuthController.php on line 832
[17-Sep-2024 09:51:38 UTC] PHP Fatal error:  Cannot redeclare App\Http\Controllers\api\AuthController::setNewPassword() in /home/webserve/normy.esferasoft.in/app/Http/Controllers/api/AuthController.php on line 832
[17-Sep-2024 09:51:38 UTC] PHP Fatal error:  Cannot redeclare App\Http\Controllers\api\AuthController::setNewPassword() in /home/webserve/normy.esferasoft.in/app/Http/Controllers/api/AuthController.php on line 832
[17-Sep-2024 09:52:26 UTC] PHP Fatal error:  Cannot redeclare App\Http\Controllers\api\AuthController::setNewPassword() in /home/webserve/normy.esferasoft.in/app/Http/Controllers/api/AuthController.php on line 832
[17-Sep-2024 09:52:46 UTC] PHP Fatal error:  Cannot redeclare App\Http\Controllers\api\AuthController::setNewPassword() in /home/webserve/normy.esferasoft.in/app/Http/Controllers/api/AuthController.php on line 832
[17-Sep-2024 09:52:46 UTC] PHP Fatal error:  Cannot redeclare App\Http\Controllers\api\AuthController::setNewPassword() in /home/webserve/normy.esferasoft.in/app/Http/Controllers/api/AuthController.php on line 832
[17-Sep-2024 09:52:46 UTC] PHP Fatal error:  Cannot redeclare App\Http\Controllers\api\AuthController::setNewPassword() in /home/webserve/normy.esferasoft.in/app/Http/Controllers/api/AuthController.php on line 832
[17-Sep-2024 09:54:04 UTC] PHP Fatal error:  Cannot redeclare App\Http\Controllers\api\AuthController::setNewPassword() in /home/webserve/normy.esferasoft.in/app/Http/Controllers/api/AuthController.php on line 832
[17-Sep-2024 09:54:49 UTC] PHP Fatal error:  Cannot redeclare App\Http\Controllers\api\AuthController::setNewPassword() in /home/webserve/normy.esferasoft.in/app/Http/Controllers/api/AuthController.php on line 832
[17-Sep-2024 09:55:45 UTC] PHP Fatal error:  Cannot redeclare App\Http\Controllers\api\AuthController::setNewPassword() in /home/webserve/normy.esferasoft.in/app/Http/Controllers/api/AuthController.php on line 832
[17-Sep-2024 09:55:46 UTC] PHP Fatal error:  Cannot redeclare App\Http\Controllers\api\AuthController::setNewPassword() in /home/webserve/normy.esferasoft.in/app/Http/Controllers/api/AuthController.php on line 832
[17-Sep-2024 09:55:50 UTC] PHP Fatal error:  Cannot redeclare App\Http\Controllers\api\AuthController::setNewPassword() in /home/webserve/normy.esferasoft.in/app/Http/Controllers/api/AuthController.php on line 832
[17-Sep-2024 09:56:47 UTC] PHP Fatal error:  Cannot redeclare App\Http\Controllers\api\AuthController::setNewPassword() in /home/webserve/normy.esferasoft.in/app/Http/Controllers/api/AuthController.php on line 832
[17-Sep-2024 09:56:47 UTC] PHP Fatal error:  Cannot redeclare App\Http\Controllers\api\AuthController::setNewPassword() in /home/webserve/normy.esferasoft.in/app/Http/Controllers/api/AuthController.php on line 832
[17-Sep-2024 09:57:04 UTC] PHP Fatal error:  Cannot redeclare App\Http\Controllers\api\AuthController::setNewPassword() in /home/webserve/normy.esferasoft.in/app/Http/Controllers/api/AuthController.php on line 832
[17-Sep-2024 09:57:04 UTC] PHP Fatal error:  Cannot redeclare App\Http\Controllers\api\AuthController::setNewPassword() in /home/webserve/normy.esferasoft.in/app/Http/Controllers/api/AuthController.php on line 832
[17-Sep-2024 09:57:04 UTC] PHP Fatal error:  Cannot redeclare App\Http\Controllers\api\AuthController::setNewPassword() in /home/webserve/normy.esferasoft.in/app/Http/Controllers/api/AuthController.php on line 832
[18-Sep-2024 10:43:52 UTC] PHP Fatal error:  Cannot use App\Models\Payments as Payments because the name is already in use in /home/webserve/normy.esferasoft.in/app/Http/Controllers/api/PaymentController.php on line 19
[18-Sep-2024 13:14:54 UTC] PHP Fatal error:  Cannot use App\Models\Payments as Payments because the name is already in use in /home/webserve/normy.esferasoft.in/app/Http/Controllers/api/PaymentController.php on line 19
[18-Sep-2024 13:15:47 UTC] PHP Fatal error:  Cannot use App\Models\Payments as Payments because the name is already in use in /home/webserve/normy.esferasoft.in/app/Http/Controllers/api/PaymentController.php on line 19
[18-Sep-2024 13:16:43 UTC] PHP Fatal error:  Cannot use App\Models\Payments as Payments because the name is already in use in /home/webserve/normy.esferasoft.in/app/Http/Controllers/api/PaymentController.php on line 19
[18-Sep-2024 13:23:11 UTC] PHP Fatal error:  Cannot use App\Models\Payments as Payments because the name is already in use in /home/webserve/normy.esferasoft.in/app/Http/Controllers/api/PaymentController.php on line 19
[18-Sep-2024 13:25:57 UTC] PHP Fatal error:  Cannot use App\Models\Payments as Payments because the name is already in use in /home/webserve/normy.esferasoft.in/app/Http/Controllers/api/PaymentController.php on line 19
[18-Sep-2024 13:26:28 UTC] PHP Fatal error:  Cannot use App\Models\Payments as Payments because the name is already in use in /home/webserve/normy.esferasoft.in/app/Http/Controllers/api/PaymentController.php on line 19
[18-Sep-2024 13:26:46 UTC] PHP Fatal error:  Cannot use App\Models\Payments as Payments because the name is already in use in /home/webserve/normy.esferasoft.in/app/Http/Controllers/api/PaymentController.php on line 19
[18-Sep-2024 13:39:10 UTC] PHP Fatal error:  Cannot use App\Models\Payments as Payments because the name is already in use in /home/webserve/normy.esferasoft.in/app/Http/Controllers/api/PaymentController.php on line 19
[18-Sep-2024 13:39:34 UTC] PHP Fatal error:  Cannot use App\Models\Payments as Payments because the name is already in use in /home/webserve/normy.esferasoft.in/app/Http/Controllers/api/PaymentController.php on line 19
[18-Sep-2024 13:45:40 UTC] PHP Fatal error:  Cannot use App\Models\Payments as Payments because the name is already in use in /home/webserve/normy.esferasoft.in/app/Http/Controllers/api/PaymentController.php on line 19
[18-Sep-2024 13:46:04 UTC] PHP Fatal error:  Cannot use App\Models\Payments as Payments because the name is already in use in /home/webserve/normy.esferasoft.in/app/Http/Controllers/api/PaymentController.php on line 19
[18-Sep-2024 13:46:09 UTC] PHP Fatal error:  Cannot use App\Models\Payments as Payments because the name is already in use in /home/webserve/normy.esferasoft.in/app/Http/Controllers/api/PaymentController.php on line 19
[18-Sep-2024 13:49:37 UTC] PHP Fatal error:  Cannot use App\Models\Payments as Payments because the name is already in use in /home/webserve/normy.esferasoft.in/app/Http/Controllers/api/PaymentController.php on line 19
[18-Sep-2024 13:52:35 UTC] PHP Fatal error:  Cannot use App\Models\Payments as Payments because the name is already in use in /home/webserve/normy.esferasoft.in/app/Http/Controllers/api/PaymentController.php on line 19
[18-Sep-2024 14:00:01 UTC] PHP Fatal error:  Cannot use App\Models\Payments as Payments because the name is already in use in /home/webserve/normy.esferasoft.in/app/Http/Controllers/api/PaymentController.php on line 19
[18-Sep-2024 14:03:17 UTC] PHP Fatal error:  Cannot use App\Models\Payments as Payments because the name is already in use in /home/webserve/normy.esferasoft.in/app/Http/Controllers/api/PaymentController.php on line 19
[18-Sep-2024 14:11:56 UTC] PHP Fatal error:  Cannot use App\Models\Payments as Payments because the name is already in use in /home/webserve/normy.esferasoft.in/app/Http/Controllers/api/PaymentController.php on line 19
[18-Sep-2024 14:17:14 UTC] PHP Fatal error:  Cannot use App\Models\Payments as Payments because the name is already in use in /home/webserve/normy.esferasoft.in/app/Http/Controllers/api/PaymentController.php on line 19
[18-Sep-2024 14:21:09 UTC] PHP Fatal error:  Cannot use App\Models\Payments as Payments because the name is already in use in /home/webserve/normy.esferasoft.in/app/Http/Controllers/api/PaymentController.php on line 19
[18-Sep-2024 14:23:25 UTC] PHP Fatal error:  Cannot use App\Models\Payments as Payments because the name is already in use in /home/webserve/normy.esferasoft.in/app/Http/Controllers/api/PaymentController.php on line 19
[18-Sep-2024 14:25:49 UTC] PHP Fatal error:  Cannot use App\Models\Payments as Payments because the name is already in use in /home/webserve/normy.esferasoft.in/app/Http/Controllers/api/PaymentController.php on line 19
[18-Sep-2024 14:29:42 UTC] PHP Fatal error:  Cannot use App\Models\Payments as Payments because the name is already in use in /home/webserve/normy.esferasoft.in/app/Http/Controllers/api/PaymentController.php on line 19
[18-Sep-2024 14:43:08 UTC] PHP Fatal error:  Cannot use App\Models\Payments as Payments because the name is already in use in /home/webserve/normy.esferasoft.in/app/Http/Controllers/api/PaymentController.php on line 19
[18-Sep-2024 14:45:36 UTC] PHP Fatal error:  Cannot use App\Models\Payments as Payments because the name is already in use in /home/webserve/normy.esferasoft.in/app/Http/Controllers/api/PaymentController.php on line 19
[18-Sep-2024 14:52:14 UTC] PHP Fatal error:  Cannot use App\Models\Payments as Payments because the name is already in use in /home/webserve/normy.esferasoft.in/app/Http/Controllers/api/PaymentController.php on line 19
[18-Sep-2024 14:55:20 UTC] PHP Fatal error:  Cannot use App\Models\Payments as Payments because the name is already in use in /home/webserve/normy.esferasoft.in/app/Http/Controllers/api/PaymentController.php on line 19
[18-Sep-2024 15:17:48 UTC] PHP Fatal error:  Cannot use App\Models\Payments as Payments because the name is already in use in /home/webserve/normy.esferasoft.in/app/Http/Controllers/api/PaymentController.php on line 19
[18-Sep-2024 15:30:43 UTC] PHP Fatal error:  Cannot use App\Models\Payments as Payments because the name is already in use in /home/webserve/normy.esferasoft.in/app/Http/Controllers/api/PaymentController.php on line 19
[18-Sep-2024 15:33:38 UTC] PHP Fatal error:  Cannot use App\Models\Payments as Payments because the name is already in use in /home/webserve/normy.esferasoft.in/app/Http/Controllers/api/PaymentController.php on line 19
[18-Sep-2024 15:34:03 UTC] PHP Fatal error:  Cannot use App\Models\Payments as Payments because the name is already in use in /home/webserve/normy.esferasoft.in/app/Http/Controllers/api/PaymentController.php on line 19
[18-Sep-2024 15:35:42 UTC] PHP Fatal error:  Cannot use App\Models\Payments as Payments because the name is already in use in /home/webserve/normy.esferasoft.in/app/Http/Controllers/api/PaymentController.php on line 19
[18-Sep-2024 15:42:02 UTC] PHP Fatal error:  Cannot use App\Models\Payments as Payments because the name is already in use in /home/webserve/normy.esferasoft.in/app/Http/Controllers/api/PaymentController.php on line 19
[18-Sep-2024 15:43:35 UTC] PHP Fatal error:  Cannot use App\Models\Payments as Payments because the name is already in use in /home/webserve/normy.esferasoft.in/app/Http/Controllers/api/PaymentController.php on line 19
[18-Sep-2024 15:43:37 UTC] PHP Fatal error:  Cannot use App\Models\Payments as Payments because the name is already in use in /home/webserve/normy.esferasoft.in/app/Http/Controllers/api/PaymentController.php on line 19
[18-Sep-2024 15:45:55 UTC] PHP Fatal error:  Cannot use App\Models\Payments as Payments because the name is already in use in /home/webserve/normy.esferasoft.in/app/Http/Controllers/api/PaymentController.php on line 19
[18-Sep-2024 15:52:15 UTC] PHP Fatal error:  Cannot use App\Models\Payments as Payments because the name is already in use in /home/webserve/normy.esferasoft.in/app/Http/Controllers/api/PaymentController.php on line 19
[18-Sep-2024 15:56:30 UTC] PHP Fatal error:  Cannot use App\Models\Payments as Payments because the name is already in use in /home/webserve/normy.esferasoft.in/app/Http/Controllers/api/PaymentController.php on line 19
[18-Sep-2024 16:00:34 UTC] PHP Fatal error:  Cannot use App\Models\Payments as Payments because the name is already in use in /home/webserve/normy.esferasoft.in/app/Http/Controllers/api/PaymentController.php on line 19
[18-Sep-2024 16:09:27 UTC] PHP Fatal error:  Cannot use App\Models\Payments as Payments because the name is already in use in /home/webserve/normy.esferasoft.in/app/Http/Controllers/api/PaymentController.php on line 19
[18-Sep-2024 16:10:47 UTC] PHP Fatal error:  Cannot use App\Models\Payments as Payments because the name is already in use in /home/webserve/normy.esferasoft.in/app/Http/Controllers/api/PaymentController.php on line 19
[19-Sep-2024 04:27:34 UTC] PHP Fatal error:  Cannot use App\Models\Payments as Payments because the name is already in use in /home/webserve/normy.esferasoft.in/app/Http/Controllers/api/PaymentController.php on line 19
[19-Sep-2024 08:02:21 UTC] PHP Fatal error:  Cannot use App\Models\Payments as Payments because the name is already in use in /home/webserve/normy.esferasoft.in/app/Http/Controllers/api/PaymentController.php on line 19
[19-Sep-2024 08:03:16 UTC] PHP Fatal error:  Cannot use App\Models\Payments as Payments because the name is already in use in /home/webserve/normy.esferasoft.in/app/Http/Controllers/api/PaymentController.php on line 19
[19-Sep-2024 11:40:11 UTC] PHP Fatal error:  Cannot use App\Models\Payments as Payments because the name is already in use in /home/webserve/normy.esferasoft.in/app/Http/Controllers/api/PaymentController.php on line 19
[19-Sep-2024 11:40:15 UTC] PHP Fatal error:  Cannot use App\Models\Payments as Payments because the name is already in use in /home/webserve/normy.esferasoft.in/app/Http/Controllers/api/PaymentController.php on line 19
[19-Sep-2024 11:40:21 UTC] PHP Fatal error:  Cannot use App\Models\Payments as Payments because the name is already in use in /home/webserve/normy.esferasoft.in/app/Http/Controllers/api/PaymentController.php on line 19
[19-Sep-2024 11:40:23 UTC] PHP Fatal error:  Cannot use App\Models\Payments as Payments because the name is already in use in /home/webserve/normy.esferasoft.in/app/Http/Controllers/api/PaymentController.php on line 19
[19-Sep-2024 11:40:51 UTC] PHP Fatal error:  Cannot use App\Models\Payments as Payments because the name is already in use in /home/webserve/normy.esferasoft.in/app/Http/Controllers/api/PaymentController.php on line 19
[20-Sep-2024 10:32:01 UTC] PHP Parse error:  syntax error, unexpected token "public", expecting end of file in /home/webserve/normy.esferasoft.in/app/Helper.php on line 272
[23-Sep-2024 06:35:01 UTC] PHP Fatal error:  Cannot use App\Models\Payments as Payments because the name is already in use in /home/webserve/normy.esferasoft.in/app/Http/Controllers/api/PaymentController.php on line 19
[23-Sep-2024 06:35:05 UTC] PHP Fatal error:  Cannot use App\Models\Payments as Payments because the name is already in use in /home/webserve/normy.esferasoft.in/app/Http/Controllers/api/PaymentController.php on line 19
[23-Sep-2024 06:35:11 UTC] PHP Fatal error:  Cannot use App\Models\Payments as Payments because the name is already in use in /home/webserve/normy.esferasoft.in/app/Http/Controllers/api/PaymentController.php on line 19
[23-Sep-2024 06:35:13 UTC] PHP Fatal error:  Cannot use App\Models\Payments as Payments because the name is already in use in /home/webserve/normy.esferasoft.in/app/Http/Controllers/api/PaymentController.php on line 19
[23-Sep-2024 06:35:15 UTC] PHP Fatal error:  Cannot use App\Models\Payments as Payments because the name is already in use in /home/webserve/normy.esferasoft.in/app/Http/Controllers/api/PaymentController.php on line 19
[23-Sep-2024 06:35:20 UTC] PHP Fatal error:  Cannot use App\Models\Payments as Payments because the name is already in use in /home/webserve/normy.esferasoft.in/app/Http/Controllers/api/PaymentController.php on line 19
[23-Sep-2024 06:35:28 UTC] PHP Fatal error:  Cannot use App\Models\Payments as Payments because the name is already in use in /home/webserve/normy.esferasoft.in/app/Http/Controllers/api/PaymentController.php on line 19
[23-Sep-2024 06:36:43 UTC] PHP Fatal error:  Cannot use App\Models\Payments as Payments because the name is already in use in /home/webserve/normy.esferasoft.in/app/Http/Controllers/api/PaymentController.php on line 19
[23-Sep-2024 06:36:58 UTC] PHP Fatal error:  Cannot use App\Models\Payments as Payments because the name is already in use in /home/webserve/normy.esferasoft.in/app/Http/Controllers/api/PaymentController.php on line 19
[23-Sep-2024 06:38:12 UTC] PHP Fatal error:  Cannot use App\Models\Payments as Payments because the name is already in use in /home/webserve/normy.esferasoft.in/app/Http/Controllers/api/PaymentController.php on line 19
[23-Sep-2024 06:38:14 UTC] PHP Fatal error:  Cannot use App\Models\Payments as Payments because the name is already in use in /home/webserve/normy.esferasoft.in/app/Http/Controllers/api/PaymentController.php on line 19
[23-Sep-2024 06:38:17 UTC] PHP Fatal error:  Cannot use App\Models\Payments as Payments because the name is already in use in /home/webserve/normy.esferasoft.in/app/Http/Controllers/api/PaymentController.php on line 19
[23-Sep-2024 06:38:18 UTC] PHP Fatal error:  Cannot use App\Models\Payments as Payments because the name is already in use in /home/webserve/normy.esferasoft.in/app/Http/Controllers/api/PaymentController.php on line 19
[23-Sep-2024 11:10:04 UTC] PHP Fatal error:  Cannot use App\Models\Payments as Payments because the name is already in use in /home/webserve/normy.esferasoft.in/app/Http/Controllers/api/PaymentController.php on line 19
[23-Sep-2024 11:12:14 UTC] PHP Fatal error:  Cannot use App\Models\Payments as Payments because the name is already in use in /home/webserve/normy.esferasoft.in/app/Http/Controllers/api/PaymentController.php on line 19
[23-Sep-2024 11:12:47 UTC] PHP Fatal error:  Cannot use App\Models\Payments as Payments because the name is already in use in /home/webserve/normy.esferasoft.in/app/Http/Controllers/api/PaymentController.php on line 19
[23-Sep-2024 11:14:21 UTC] PHP Fatal error:  Cannot use App\Models\Payments as Payments because the name is already in use in /home/webserve/normy.esferasoft.in/app/Http/Controllers/api/PaymentController.php on line 19
[24-Sep-2024 11:41:21 UTC] PHP Fatal error:  Cannot use Auth as Auth because the name is already in use in /home/webserve/normy.esferasoft.in/app/Http/Controllers/api/ReviewController.php on line 11
[25-Sep-2024 05:11:57 UTC] PHP Fatal error:  Cannot redeclare App\Http\Controllers\api\StripeController::createStripeConnectAccount() in /home/webserve/normy.esferasoft.in/app/Http/Controllers/api/StripeController.php on line 51
[26-Sep-2024 11:53:26 UTC] PHP Fatal error:  Cannot use DB as DB because the name is already in use in /home/webserve/normy.esferasoft.in/app/Http/Controllers/api/ReviewController.php on line 11
[26-Sep-2024 12:04:12 UTC] PHP Fatal error:  Cannot use DB as DB because the name is already in use in /home/webserve/normy.esferasoft.in/app/Http/Controllers/api/ReviewController.php on line 11
[26-Sep-2024 13:55:37 UTC] PHP Fatal error:  Cannot use DB as DB because the name is already in use in /home/webserve/normy.esferasoft.in/app/Http/Controllers/api/ReviewController.php on line 11
[26-Sep-2024 14:11:38 UTC] PHP Fatal error:  Cannot use DB as DB because the name is already in use in /home/webserve/normy.esferasoft.in/app/Http/Controllers/api/ReviewController.php on line 11
[28-Sep-2024 04:12:54 UTC] PHP Fatal error:  Cannot use DB as DB because the name is already in use in /home/webserve/normy.esferasoft.in/app/Http/Controllers/api/ReviewController.php on line 11
[28-Sep-2024 04:14:17 UTC] PHP Fatal error:  Cannot use DB as DB because the name is already in use in /home/webserve/normy.esferasoft.in/app/Http/Controllers/api/ReviewController.php on line 11
[28-Sep-2024 04:14:37 UTC] PHP Fatal error:  Cannot use DB as DB because the name is already in use in /home/webserve/normy.esferasoft.in/app/Http/Controllers/api/ReviewController.php on line 11
[01-Oct-2024 08:48:44 UTC] PHP Fatal error:  Cannot use DB as DB because the name is already in use in /home/webserve/normy.esferasoft.in/app/Http/Controllers/api/ReviewController.php on line 11
[01-Oct-2024 08:49:06 UTC] PHP Fatal error:  Cannot use DB as DB because the name is already in use in /home/webserve/normy.esferasoft.in/app/Http/Controllers/api/ReviewController.php on line 11
[01-Oct-2024 08:49:34 UTC] PHP Fatal error:  Cannot use DB as DB because the name is already in use in /home/webserve/normy.esferasoft.in/app/Http/Controllers/api/ReviewController.php on line 11
[01-Oct-2024 10:42:29 UTC] PHP Fatal error:  Cannot use empty array elements in arrays in /home/webserve/normy.esferasoft.in/app/Http/Controllers/api/AuthController.php on line 270
[01-Oct-2024 11:07:09 UTC] PHP Fatal error:  Cannot use Carbon\Carbon as Carbon because the name is already in use in /home/webserve/normy.esferasoft.in/app/Http/Controllers/api/AuthController.php on line 16
[01-Oct-2024 11:07:11 UTC] PHP Fatal error:  Cannot use Carbon\Carbon as Carbon because the name is already in use in /home/webserve/normy.esferasoft.in/app/Http/Controllers/api/AuthController.php on line 16
[01-Oct-2024 11:07:12 UTC] PHP Fatal error:  Cannot use Carbon\Carbon as Carbon because the name is already in use in /home/webserve/normy.esferasoft.in/app/Http/Controllers/api/AuthController.php on line 16
[01-Oct-2024 11:07:12 UTC] PHP Fatal error:  Cannot use Carbon\Carbon as Carbon because the name is already in use in /home/webserve/normy.esferasoft.in/app/Http/Controllers/api/AuthController.php on line 16
[01-Oct-2024 11:07:14 UTC] PHP Fatal error:  Cannot use Carbon\Carbon as Carbon because the name is already in use in /home/webserve/normy.esferasoft.in/app/Http/Controllers/api/AuthController.php on line 16
[01-Oct-2024 11:07:22 UTC] PHP Fatal error:  Cannot use Carbon\Carbon as Carbon because the name is already in use in /home/webserve/normy.esferasoft.in/app/Http/Controllers/api/AuthController.php on line 16
[01-Oct-2024 11:07:22 UTC] PHP Fatal error:  Cannot use Carbon\Carbon as Carbon because the name is already in use in /home/webserve/normy.esferasoft.in/app/Http/Controllers/api/AuthController.php on line 16
[01-Oct-2024 11:07:34 UTC] PHP Fatal error:  Cannot use Carbon\Carbon as Carbon because the name is already in use in /home/webserve/normy.esferasoft.in/app/Http/Controllers/api/AuthController.php on line 16
[01-Oct-2024 11:07:35 UTC] PHP Fatal error:  Cannot use Carbon\Carbon as Carbon because the name is already in use in /home/webserve/normy.esferasoft.in/app/Http/Controllers/api/AuthController.php on line 16
[01-Oct-2024 11:07:35 UTC] PHP Fatal error:  Cannot use Carbon\Carbon as Carbon because the name is already in use in /home/webserve/normy.esferasoft.in/app/Http/Controllers/api/AuthController.php on line 16
[01-Oct-2024 11:07:47 UTC] PHP Fatal error:  Cannot use Carbon\Carbon as Carbon because the name is already in use in /home/webserve/normy.esferasoft.in/app/Http/Controllers/api/AuthController.php on line 16
[01-Oct-2024 11:08:01 UTC] PHP Fatal error:  Cannot use Carbon\Carbon as Carbon because the name is already in use in /home/webserve/normy.esferasoft.in/app/Http/Controllers/api/AuthController.php on line 16
[01-Oct-2024 11:08:54 UTC] PHP Fatal error:  Cannot use Carbon\Carbon as Carbon because the name is already in use in /home/webserve/normy.esferasoft.in/app/Http/Controllers/api/AuthController.php on line 16
[01-Oct-2024 11:09:13 UTC] PHP Fatal error:  Cannot use Carbon\Carbon as Carbon because the name is already in use in /home/webserve/normy.esferasoft.in/app/Http/Controllers/api/AuthController.php on line 16
[01-Oct-2024 14:20:37 UTC] PHP Fatal error:  Cannot use DB as DB because the name is already in use in /home/webserve/normy.esferasoft.in/app/Http/Controllers/api/ReviewController.php on line 11
[01-Oct-2024 14:20:58 UTC] PHP Fatal error:  Cannot use DB as DB because the name is already in use in /home/webserve/normy.esferasoft.in/app/Http/Controllers/api/ReviewController.php on line 11
[01-Oct-2024 14:22:36 UTC] PHP Fatal error:  Cannot use DB as DB because the name is already in use in /home/webserve/normy.esferasoft.in/app/Http/Controllers/api/ReviewController.php on line 11
[03-Oct-2024 04:51:17 UTC] PHP Fatal error:  Cannot use DB as DB because the name is already in use in /home/webserve/normy.esferasoft.in/app/Http/Controllers/api/ReviewController.php on line 11
[04-Oct-2024 05:12:04 UTC] PHP Fatal error:  Cannot redeclare App\Http\Controllers\api\RideController::calculateArrivalTime() in /home/webserve/normy.esferasoft.in/app/Http/Controllers/api/RideController.php on line 1425
[04-Oct-2024 05:12:11 UTC] PHP Fatal error:  Cannot redeclare App\Http\Controllers\api\RideController::calculateArrivalTime() in /home/webserve/normy.esferasoft.in/app/Http/Controllers/api/RideController.php on line 1425
[04-Oct-2024 05:12:44 UTC] PHP Fatal error:  Cannot redeclare App\Http\Controllers\api\RideController::calculateArrivalTime() in /home/webserve/normy.esferasoft.in/app/Http/Controllers/api/RideController.php on line 1425
[04-Oct-2024 05:15:27 UTC] PHP Fatal error:  Cannot redeclare App\Http\Controllers\api\RideController::calculateArrivalTime() in /home/webserve/normy.esferasoft.in/app/Http/Controllers/api/RideController.php on line 1425
[04-Oct-2024 05:15:49 UTC] PHP Fatal error:  Cannot redeclare App\Http\Controllers\api\RideController::calculateArrivalTime() in /home/webserve/normy.esferasoft.in/app/Http/Controllers/api/RideController.php on line 1425
[04-Oct-2024 05:16:13 UTC] PHP Fatal error:  Cannot redeclare App\Http\Controllers\api\RideController::calculateArrivalTime() in /home/webserve/normy.esferasoft.in/app/Http/Controllers/api/RideController.php on line 1425
[04-Oct-2024 05:16:20 UTC] PHP Fatal error:  Cannot redeclare App\Http\Controllers\api\RideController::calculateArrivalTime() in /home/webserve/normy.esferasoft.in/app/Http/Controllers/api/RideController.php on line 1425
[04-Oct-2024 05:16:45 UTC] PHP Fatal error:  Cannot redeclare App\Http\Controllers\api\RideController::calculateArrivalTime() in /home/webserve/normy.esferasoft.in/app/Http/Controllers/api/RideController.php on line 1425
[04-Oct-2024 05:44:43 UTC] PHP Fatal error:  Cannot use App\Models\UserReport as UserReport because the name is already in use in /home/webserve/normy.esferasoft.in/app/Http/Controllers/api/PaymentController.php on line 22
[04-Oct-2024 05:46:23 UTC] PHP Fatal error:  Cannot use App\Models\UserReport as UserReport because the name is already in use in /home/webserve/normy.esferasoft.in/app/Http/Controllers/api/PaymentController.php on line 22
[04-Oct-2024 05:47:32 UTC] PHP Fatal error:  Cannot use App\Models\UserReport as UserReport because the name is already in use in /home/webserve/normy.esferasoft.in/app/Http/Controllers/api/PaymentController.php on line 22
[04-Oct-2024 05:47:35 UTC] PHP Fatal error:  Cannot use App\Models\UserReport as UserReport because the name is already in use in /home/webserve/normy.esferasoft.in/app/Http/Controllers/api/PaymentController.php on line 22
[04-Oct-2024 05:47:39 UTC] PHP Fatal error:  Cannot use App\Models\UserReport as UserReport because the name is already in use in /home/webserve/normy.esferasoft.in/app/Http/Controllers/api/PaymentController.php on line 22
[08-Oct-2024 11:24:38 UTC] PHP Fatal error:  Cannot use Twilio\Rest\Client as Client because the name is already in use in /home/webserve/normy.esferasoft.in/app/Http/Controllers/api/TwilioChatController.php on line 18
[08-Oct-2024 11:25:50 UTC] PHP Fatal error:  Cannot use Twilio\Rest\Client as Client because the name is already in use in /home/webserve/normy.esferasoft.in/app/Http/Controllers/api/TwilioChatController.php on line 18
[08-Oct-2024 11:25:55 UTC] PHP Fatal error:  Cannot use Twilio\Rest\Client as Client because the name is already in use in /home/webserve/normy.esferasoft.in/app/Http/Controllers/api/TwilioChatController.php on line 18
[08-Oct-2024 11:28:04 UTC] PHP Fatal error:  Cannot use Twilio\Rest\Client as Client because the name is already in use in /home/webserve/normy.esferasoft.in/app/Http/Controllers/api/TwilioChatController.php on line 18
[08-Oct-2024 11:28:24 UTC] PHP Fatal error:  Cannot use Twilio\Rest\Client as Client because the name is already in use in /home/webserve/normy.esferasoft.in/app/Http/Controllers/api/TwilioChatController.php on line 18
[10-Oct-2024 06:43:28 UTC] PHP Fatal error:  Cannot use Illuminate\Support\Facades\Auth as Auth because the name is already in use in /home/webserve/normy.esferasoft.in/app/Http/Controllers/api/PaymentController.php on line 22
[10-Oct-2024 06:43:59 UTC] PHP Fatal error:  Cannot use Illuminate\Support\Facades\Auth as Auth because the name is already in use in /home/webserve/normy.esferasoft.in/app/Http/Controllers/api/PaymentController.php on line 22
[10-Oct-2024 13:50:40 UTC] PHP Fatal error:  Composer detected issues in your platform: Your Composer dependencies require a PHP version ">= 8.2.0". You are running 8.1.29. in /home/webserve/normy.esferasoft.in/vendor/composer/platform_check.php on line 24
[15-Oct-2024 10:54:50 UTC] PHP Fatal error:  Cannot redeclare App\Http\Controllers\api\RideController::getAllRides() in /home/webserve/normy.esferasoft.in/app/Http/Controllers/api/RideController.php on line 232
[15-Oct-2024 10:55:04 UTC] PHP Fatal error:  Cannot redeclare App\Http\Controllers\api\RideController::getAllRides() in /home/webserve/normy.esferasoft.in/app/Http/Controllers/api/RideController.php on line 232
[15-Oct-2024 10:56:10 UTC] PHP Fatal error:  Cannot redeclare App\Http\Controllers\api\RideController::getAllRides() in /home/webserve/normy.esferasoft.in/app/Http/Controllers/api/RideController.php on line 232
[15-Oct-2024 10:56:12 UTC] PHP Fatal error:  Cannot redeclare App\Http\Controllers\api\RideController::getAllRides() in /home/webserve/normy.esferasoft.in/app/Http/Controllers/api/RideController.php on line 232
[15-Oct-2024 10:56:29 UTC] PHP Fatal error:  Cannot redeclare App\Http\Controllers\api\RideController::getAllRides() in /home/webserve/normy.esferasoft.in/app/Http/Controllers/api/RideController.php on line 232
[21-Oct-2024 07:14:04 UTC] Stripe Notice: Undefined property of Stripe\Customer instance: sources
[21-Oct-2024 10:28:08 UTC] Stripe Notice: Undefined property of Stripe\Customer instance: sources
[21-Oct-2024 10:30:24 UTC] Stripe Notice: Undefined property of Stripe\Customer instance: sources
[21-Oct-2024 10:31:00 UTC] Stripe Notice: Undefined property of Stripe\Customer instance: sources
[21-Oct-2024 10:50:38 UTC] Stripe Notice: Undefined property of Stripe\Customer instance: sources
[21-Oct-2024 10:50:41 UTC] Stripe Notice: Undefined property of Stripe\Customer instance: sources
[21-Oct-2024 10:52:47 UTC] Stripe Notice: Undefined property of Stripe\Customer instance: sources
[21-Oct-2024 10:53:37 UTC] Stripe Notice: Undefined property of Stripe\Customer instance: sources
[21-Oct-2024 10:55:21 UTC] Stripe Notice: Undefined property of Stripe\Customer instance: payment_methods
[21-Oct-2024 10:55:24 UTC] Stripe Notice: Undefined property of Stripe\Customer instance: payment_methods
[21-Oct-2024 10:56:44 UTC] Stripe Notice: Undefined property of Stripe\Customer instance: payment_methods
[22-Oct-2024 09:47:17 UTC] PHP Fatal error:  Cannot use GuzzleHttp\Client as Client because the name is already in use in /home/webserve/normy.esferasoft.in/app/Http/Controllers/api/RideController.php on line 29
[22-Oct-2024 09:47:48 UTC] PHP Fatal error:  Cannot use GuzzleHttp\Client as Client because the name is already in use in /home/webserve/normy.esferasoft.in/app/Http/Controllers/api/RideController.php on line 29
[23-Oct-2024 06:43:07 UTC] PHP Fatal error:  Trait "App\Http\Controllers\admin\Illuminate\Http\Request" not found in /home/webserve/normy.esferasoft.in/app/Http/Controllers/admin/RequestController.php on line 13
[23-Oct-2024 06:43:40 UTC] PHP Fatal error:  Cannot use Illuminate\Http\Request as Request because the name is already in use in /home/webserve/normy.esferasoft.in/app/Http/Controllers/admin/RequestController.php on line 12
[23-Oct-2024 08:33:40 UTC] PHP Fatal error:  Cannot redeclare App\Models\User::reportsAsPassenger() in /home/webserve/normy.esferasoft.in/app/Models/User.php on line 115
[23-Oct-2024 08:35:18 UTC] PHP Fatal error:  Cannot redeclare App\Models\User::reportsAsPassenger() in /home/webserve/normy.esferasoft.in/app/Models/User.php on line 115
[23-Oct-2024 08:35:19 UTC] PHP Fatal error:  Cannot redeclare App\Models\User::reportsAsPassenger() in /home/webserve/normy.esferasoft.in/app/Models/User.php on line 115
[23-Oct-2024 08:35:43 UTC] PHP Fatal error:  Cannot redeclare App\Models\User::reportsAsPassenger() in /home/webserve/normy.esferasoft.in/app/Models/User.php on line 115
[23-Oct-2024 08:37:04 UTC] PHP Fatal error:  Cannot redeclare App\Models\User::reportsAsPassenger() in /home/webserve/normy.esferasoft.in/app/Models/User.php on line 115
[23-Oct-2024 08:38:03 UTC] PHP Fatal error:  Cannot redeclare App\Models\User::reportsAsPassenger() in /home/webserve/normy.esferasoft.in/app/Models/User.php on line 115
[23-Oct-2024 08:38:48 UTC] PHP Fatal error:  Cannot redeclare App\Models\User::reportsAsPassenger() in /home/webserve/normy.esferasoft.in/app/Models/User.php on line 115
[23-Oct-2024 08:39:12 UTC] PHP Fatal error:  Cannot redeclare App\Models\User::reportsAsPassenger() in /home/webserve/normy.esferasoft.in/app/Models/User.php on line 115
[24-Oct-2024 05:41:55 UTC] PHP Fatal error:  Cannot redeclare App\Http\Controllers\api\RideController::getAllRides() in /home/webserve/normy.esferasoft.in/app/Http/Controllers/api/RideController.php on line 261
[24-Oct-2024 05:43:55 UTC] PHP Fatal error:  Cannot redeclare App\Http\Controllers\api\RideController::getAllRides() in /home/webserve/normy.esferasoft.in/app/Http/Controllers/api/RideController.php on line 261
[24-Oct-2024 05:44:10 UTC] PHP Fatal error:  Cannot redeclare App\Http\Controllers\api\RideController::getAllRides() in /home/webserve/normy.esferasoft.in/app/Http/Controllers/api/RideController.php on line 261
[24-Oct-2024 05:45:03 UTC] PHP Fatal error:  Cannot redeclare App\Http\Controllers\api\RideController::getAllRides() in /home/webserve/normy.esferasoft.in/app/Http/Controllers/api/RideController.php on line 261
[25-Oct-2024 08:27:54 UTC] PHP Fatal error:  Cannot redeclare App\Http\Controllers\api\RideController::calculateFareForSegment() in /home/webserve/normy.esferasoft.in/app/Http/Controllers/api/RideController.php on line 1943
[05-Nov-2024 05:59:51 UTC] PHP Fatal error:  Trait "App\Http\Controllers\api\Twilio\Rest\Client" not found in /home/webserve/normy.esferasoft.in/app/Http/Controllers/api/TwilioChatController.php on line 22
[05-Nov-2024 06:00:16 UTC] PHP Fatal error:  Trait "App\Http\Controllers\api\Twilio\Rest\Client" not found in /home/webserve/normy.esferasoft.in/app/Http/Controllers/api/TwilioChatController.php on line 22
[05-Nov-2024 06:00:23 UTC] PHP Fatal error:  Trait "App\Http\Controllers\api\Twilio\Rest\Client" not found in /home/webserve/normy.esferasoft.in/app/Http/Controllers/api/TwilioChatController.php on line 22
[05-Nov-2024 06:00:30 UTC] PHP Fatal error:  Trait "App\Http\Controllers\api\Twilio\Rest\Client" not found in /home/webserve/normy.esferasoft.in/app/Http/Controllers/api/TwilioChatController.php on line 22
[05-Nov-2024 06:00:44 UTC] PHP Fatal error:  Trait "App\Http\Controllers\api\Twilio\Rest\Client" not found in /home/webserve/normy.esferasoft.in/app/Http/Controllers/api/TwilioChatController.php on line 22
[05-Nov-2024 06:00:56 UTC] PHP Fatal error:  Trait "App\Http\Controllers\api\Twilio\Rest\Client" not found in /home/webserve/normy.esferasoft.in/app/Http/Controllers/api/TwilioChatController.php on line 22
[05-Nov-2024 06:01:13 UTC] PHP Fatal error:  Trait "App\Http\Controllers\api\Twilio\Rest\Client" not found in /home/webserve/normy.esferasoft.in/app/Http/Controllers/api/TwilioChatController.php on line 22
[05-Nov-2024 06:01:42 UTC] PHP Fatal error:  Trait "App\Http\Controllers\api\Twilio\Rest\Client" not found in /home/webserve/normy.esferasoft.in/app/Http/Controllers/api/TwilioChatController.php on line 22
[05-Nov-2024 06:01:49 UTC] PHP Fatal error:  Trait "App\Http\Controllers\api\Twilio\Rest\Client" not found in /home/webserve/normy.esferasoft.in/app/Http/Controllers/api/TwilioChatController.php on line 22
[05-Nov-2024 06:01:53 UTC] PHP Fatal error:  Trait "App\Http\Controllers\api\Twilio\Rest\Client" not found in /home/webserve/normy.esferasoft.in/app/Http/Controllers/api/TwilioChatController.php on line 22
[05-Nov-2024 06:38:46 UTC] PHP Fatal error:  Trait "App\Http\Controllers\api\Twilio\Rest\Client" not found in /home/webserve/normy.esferasoft.in/app/Http/Controllers/api/TwilioChatController.php on line 22
[07-Nov-2024 06:55:00 UTC] PHP Fatal error:  Trait "App\Http\Controllers\api\Twilio\Rest\Client" not found in /home/webserve/normy.esferasoft.in/app/Http/Controllers/api/TwilioChatController.php on line 22
[07-Nov-2024 07:05:04 UTC] PHP Fatal error:  Trait "App\Http\Controllers\api\Twilio\Rest\Client" not found in /home/webserve/normy.esferasoft.in/app/Http/Controllers/api/TwilioChatController.php on line 22
[07-Nov-2024 09:07:51 UTC] PHP Fatal error:  Trait "App\Http\Controllers\api\Twilio\Rest\Client" not found in /home/webserve/normy.esferasoft.in/app/Http/Controllers/api/TwilioChatController.php on line 22
[08-Nov-2024 11:44:26 UTC] PHP Fatal error:  Trait "App\Http\Controllers\api\SendResponseTrait" not found in /home/webserve/normy.esferasoft.in/app/Http/Controllers/api/TwilioChatController.php on line 22
[08-Nov-2024 11:44:33 UTC] PHP Fatal error:  Trait "App\Http\Controllers\api\SendResponseTrait" not found in /home/webserve/normy.esferasoft.in/app/Http/Controllers/api/TwilioChatController.php on line 22
[19-Nov-2024 13:06:11 UTC] PHP Fatal error:  Cannot use isset() on the result of an expression (you can use "null !== expression" instead) in /home/webserve/normy.esferasoft.in/app/Http/Controllers/api/RideController.php on line 428
[19-Nov-2024 13:06:20 UTC] PHP Fatal error:  Cannot use isset() on the result of an expression (you can use "null !== expression" instead) in /home/webserve/normy.esferasoft.in/app/Http/Controllers/api/RideController.php on line 428
[19-Nov-2024 13:07:08 UTC] PHP Fatal error:  Cannot use isset() on the result of an expression (you can use "null !== expression" instead) in /home/webserve/normy.esferasoft.in/app/Http/Controllers/api/RideController.php on line 428
[26-Nov-2024 06:00:12 UTC] PHP Fatal error:  Composer detected issues in your platform: Your Composer dependencies require a PHP version ">= 8.2.0". You are running 8.1.30. in /home/webserve/normy.esferasoft.in/vendor/composer/platform_check.php on line 24
[29-Nov-2024 13:36:29 UTC] PHP Fatal error:  Trait "Carbon\Carbon\Carbon" not found in /home/webserve/normy.esferasoft.in/app/Http/Controllers/admin/ReportController.php on line 22
[03-Dec-2024 04:06:20 UTC] PHP Fatal error:  Cannot use Session as Session because the name is already in use in /home/webserve/normy.esferasoft.in/app/Http/Controllers/api/AuthController.php on line 17
[03-Dec-2024 04:06:50 UTC] PHP Fatal error:  Cannot use Session as Session because the name is already in use in /home/webserve/normy.esferasoft.in/app/Http/Controllers/api/AuthController.php on line 17
[03-Dec-2024 04:06:52 UTC] PHP Fatal error:  Cannot use Session as Session because the name is already in use in /home/webserve/normy.esferasoft.in/app/Http/Controllers/api/AuthController.php on line 17
[03-Dec-2024 04:07:35 UTC] PHP Fatal error:  Cannot use Session as Session because the name is already in use in /home/webserve/normy.esferasoft.in/app/Http/Controllers/api/AuthController.php on line 17
[03-Dec-2024 04:08:35 UTC] PHP Fatal error:  Cannot use Session as Session because the name is already in use in /home/webserve/normy.esferasoft.in/app/Http/Controllers/api/AuthController.php on line 17
[03-Dec-2024 04:09:52 UTC] PHP Fatal error:  Cannot use Session as Session because the name is already in use in /home/webserve/normy.esferasoft.in/app/Http/Controllers/api/AuthController.php on line 17
[05-Dec-2024 04:42:39 America/Phoenix] PHP Fatal error:  Uncaught Error: Call to undefined function each() in /home/x7mahm76frnt/public_html/ride.drivvy.com.au/public/mail_test.php:2957
Stack trace:
#0 /home/x7mahm76frnt/public_html/ride.drivvy.com.au/public/mail_test.php(768): SMTP->Data()
#1 /home/x7mahm76frnt/public_html/ride.drivvy.com.au/public/mail_test.php(588): PHPMailer->SmtpSend()
#2 /home/x7mahm76frnt/public_html/ride.drivvy.com.au/public/mail_test.php(3481): PHPMailer->Send()
#3 {main}
  thrown in /home/x7mahm76frnt/public_html/ride.drivvy.com.au/public/mail_test.php on line 2957
[05-Dec-2024 04:44:20 America/Phoenix] PHP Fatal error:  Uncaught Error: Call to undefined function each() in /home/x7mahm76frnt/public_html/ride.drivvy.com.au/public/mail_test.php:2957
Stack trace:
#0 /home/x7mahm76frnt/public_html/ride.drivvy.com.au/public/mail_test.php(768): SMTP->Data()
#1 /home/x7mahm76frnt/public_html/ride.drivvy.com.au/public/mail_test.php(588): PHPMailer->SmtpSend()
#2 /home/x7mahm76frnt/public_html/ride.drivvy.com.au/public/mail_test.php(3481): PHPMailer->Send()
#3 {main}
  thrown in /home/x7mahm76frnt/public_html/ride.drivvy.com.au/public/mail_test.php on line 2957
[09-Dec-2024 04:27:52 UTC] PHP Warning:  Undefined variable $ag in /home/x7mahm76frnt/public_html/ride.drivvy.com.au/public/drivvydb.php on line 866
[09-Dec-2024 04:27:52 UTC] PHP Warning:  Undefined variable $ag in /home/x7mahm76frnt/public_html/ride.drivvy.com.au/public/drivvydb.php on line 866
[09-Dec-2024 04:27:52 UTC] PHP Warning:  Undefined variable $ag in /home/x7mahm76frnt/public_html/ride.drivvy.com.au/public/drivvydb.php on line 866
[09-Dec-2024 04:27:52 UTC] PHP Warning:  Undefined variable $ag in /home/x7mahm76frnt/public_html/ride.drivvy.com.au/public/drivvydb.php on line 866
[09-Dec-2024 04:27:52 UTC] PHP Warning:  Undefined variable $ag in /home/x7mahm76frnt/public_html/ride.drivvy.com.au/public/drivvydb.php on line 866
[09-Dec-2024 04:27:52 UTC] PHP Warning:  Undefined variable $ag in /home/x7mahm76frnt/public_html/ride.drivvy.com.au/public/drivvydb.php on line 866
[09-Dec-2024 04:27:52 UTC] PHP Warning:  Undefined variable $ag in /home/x7mahm76frnt/public_html/ride.drivvy.com.au/public/drivvydb.php on line 866
[09-Dec-2024 04:27:52 UTC] PHP Warning:  Undefined variable $ag in /home/x7mahm76frnt/public_html/ride.drivvy.com.au/public/drivvydb.php on line 866
[09-Dec-2024 04:27:52 UTC] PHP Warning:  Undefined variable $ag in /home/x7mahm76frnt/public_html/ride.drivvy.com.au/public/drivvydb.php on line 866
[09-Dec-2024 04:27:52 UTC] PHP Warning:  Undefined variable $ag in /home/x7mahm76frnt/public_html/ride.drivvy.com.au/public/drivvydb.php on line 866
[09-Dec-2024 04:27:52 UTC] PHP Warning:  Undefined variable $ag in /home/x7mahm76frnt/public_html/ride.drivvy.com.au/public/drivvydb.php on line 866
[09-Dec-2024 04:27:52 UTC] PHP Warning:  Undefined variable $ag in /home/x7mahm76frnt/public_html/ride.drivvy.com.au/public/drivvydb.php on line 866
[09-Dec-2024 04:27:52 UTC] PHP Warning:  Undefined variable $ag in /home/x7mahm76frnt/public_html/ride.drivvy.com.au/public/drivvydb.php on line 866
[09-Dec-2024 04:27:52 UTC] PHP Warning:  Undefined variable $ag in /home/x7mahm76frnt/public_html/ride.drivvy.com.au/public/drivvydb.php on line 866
[09-Dec-2024 04:27:52 UTC] PHP Warning:  Undefined variable $ag in /home/x7mahm76frnt/public_html/ride.drivvy.com.au/public/drivvydb.php on line 866
[09-Dec-2024 04:27:52 UTC] PHP Warning:  Undefined variable $ag in /home/x7mahm76frnt/public_html/ride.drivvy.com.au/public/drivvydb.php on line 866
[09-Dec-2024 04:27:52 UTC] PHP Warning:  Undefined variable $ag in /home/x7mahm76frnt/public_html/ride.drivvy.com.au/public/drivvydb.php on line 866
[09-Dec-2024 04:27:52 UTC] PHP Warning:  Undefined variable $ag in /home/x7mahm76frnt/public_html/ride.drivvy.com.au/public/drivvydb.php on line 866
[09-Dec-2024 04:27:52 UTC] PHP Warning:  Undefined variable $ag in /home/x7mahm76frnt/public_html/ride.drivvy.com.au/public/drivvydb.php on line 866
[09-Dec-2024 09:42:20 UTC] PHP Warning:  Undefined variable $ag in /home/x7mahm76frnt/public_html/ride.drivvy.com.au/public/drivvydb.php on line 866
[09-Dec-2024 09:42:20 UTC] PHP Warning:  Undefined variable $ag in /home/x7mahm76frnt/public_html/ride.drivvy.com.au/public/drivvydb.php on line 866
[09-Dec-2024 09:42:20 UTC] PHP Warning:  Undefined variable $ag in /home/x7mahm76frnt/public_html/ride.drivvy.com.au/public/drivvydb.php on line 866
[09-Dec-2024 09:42:20 UTC] PHP Warning:  Undefined variable $ag in /home/x7mahm76frnt/public_html/ride.drivvy.com.au/public/drivvydb.php on line 866
[09-Dec-2024 09:42:20 UTC] PHP Warning:  Undefined variable $ag in /home/x7mahm76frnt/public_html/ride.drivvy.com.au/public/drivvydb.php on line 866
[09-Dec-2024 09:42:20 UTC] PHP Warning:  Undefined variable $ag in /home/x7mahm76frnt/public_html/ride.drivvy.com.au/public/drivvydb.php on line 866
[09-Dec-2024 09:42:20 UTC] PHP Warning:  Undefined variable $ag in /home/x7mahm76frnt/public_html/ride.drivvy.com.au/public/drivvydb.php on line 866
[09-Dec-2024 09:42:20 UTC] PHP Warning:  Undefined variable $ag in /home/x7mahm76frnt/public_html/ride.drivvy.com.au/public/drivvydb.php on line 866
[09-Dec-2024 09:42:20 UTC] PHP Warning:  Undefined variable $ag in /home/x7mahm76frnt/public_html/ride.drivvy.com.au/public/drivvydb.php on line 866
[09-Dec-2024 09:42:20 UTC] PHP Warning:  Undefined variable $ag in /home/x7mahm76frnt/public_html/ride.drivvy.com.au/public/drivvydb.php on line 866
[09-Dec-2024 09:42:20 UTC] PHP Warning:  Undefined variable $ag in /home/x7mahm76frnt/public_html/ride.drivvy.com.au/public/drivvydb.php on line 866
[09-Dec-2024 09:42:20 UTC] PHP Warning:  Undefined variable $ag in /home/x7mahm76frnt/public_html/ride.drivvy.com.au/public/drivvydb.php on line 866
[09-Dec-2024 09:42:20 UTC] PHP Warning:  Undefined variable $ag in /home/x7mahm76frnt/public_html/ride.drivvy.com.au/public/drivvydb.php on line 866
[09-Dec-2024 09:42:20 UTC] PHP Warning:  Undefined variable $ag in /home/x7mahm76frnt/public_html/ride.drivvy.com.au/public/drivvydb.php on line 866
[09-Dec-2024 09:42:20 UTC] PHP Warning:  Undefined variable $ag in /home/x7mahm76frnt/public_html/ride.drivvy.com.au/public/drivvydb.php on line 866
[09-Dec-2024 09:42:20 UTC] PHP Warning:  Undefined variable $ag in /home/x7mahm76frnt/public_html/ride.drivvy.com.au/public/drivvydb.php on line 866
[09-Dec-2024 09:42:20 UTC] PHP Warning:  Undefined variable $ag in /home/x7mahm76frnt/public_html/ride.drivvy.com.au/public/drivvydb.php on line 866
[09-Dec-2024 09:42:20 UTC] PHP Warning:  Undefined variable $ag in /home/x7mahm76frnt/public_html/ride.drivvy.com.au/public/drivvydb.php on line 866
[09-Dec-2024 09:42:20 UTC] PHP Warning:  Undefined variable $ag in /home/x7mahm76frnt/public_html/ride.drivvy.com.au/public/drivvydb.php on line 866
[09-Dec-2024 11:05:55 UTC] PHP Warning:  Undefined variable $ag in /home/x7mahm76frnt/public_html/ride.drivvy.com.au/public/drivvydb.php on line 866
[09-Dec-2024 11:05:55 UTC] PHP Warning:  Undefined variable $ag in /home/x7mahm76frnt/public_html/ride.drivvy.com.au/public/drivvydb.php on line 866
[09-Dec-2024 11:05:55 UTC] PHP Warning:  Undefined variable $ag in /home/x7mahm76frnt/public_html/ride.drivvy.com.au/public/drivvydb.php on line 866
[09-Dec-2024 11:05:55 UTC] PHP Warning:  Undefined variable $ag in /home/x7mahm76frnt/public_html/ride.drivvy.com.au/public/drivvydb.php on line 866
[09-Dec-2024 11:05:55 UTC] PHP Warning:  Undefined variable $ag in /home/x7mahm76frnt/public_html/ride.drivvy.com.au/public/drivvydb.php on line 866
[09-Dec-2024 11:05:55 UTC] PHP Warning:  Undefined variable $ag in /home/x7mahm76frnt/public_html/ride.drivvy.com.au/public/drivvydb.php on line 866
[09-Dec-2024 11:05:55 UTC] PHP Warning:  Undefined variable $ag in /home/x7mahm76frnt/public_html/ride.drivvy.com.au/public/drivvydb.php on line 866
[09-Dec-2024 11:05:55 UTC] PHP Warning:  Undefined variable $ag in /home/x7mahm76frnt/public_html/ride.drivvy.com.au/public/drivvydb.php on line 866
[09-Dec-2024 11:05:55 UTC] PHP Warning:  Undefined variable $ag in /home/x7mahm76frnt/public_html/ride.drivvy.com.au/public/drivvydb.php on line 866
[09-Dec-2024 11:05:55 UTC] PHP Warning:  Undefined variable $ag in /home/x7mahm76frnt/public_html/ride.drivvy.com.au/public/drivvydb.php on line 866
[09-Dec-2024 11:05:55 UTC] PHP Warning:  Undefined variable $ag in /home/x7mahm76frnt/public_html/ride.drivvy.com.au/public/drivvydb.php on line 866
[09-Dec-2024 11:05:55 UTC] PHP Warning:  Undefined variable $ag in /home/x7mahm76frnt/public_html/ride.drivvy.com.au/public/drivvydb.php on line 866
[09-Dec-2024 11:05:55 UTC] PHP Warning:  Undefined variable $ag in /home/x7mahm76frnt/public_html/ride.drivvy.com.au/public/drivvydb.php on line 866
[09-Dec-2024 11:05:55 UTC] PHP Warning:  Undefined variable $ag in /home/x7mahm76frnt/public_html/ride.drivvy.com.au/public/drivvydb.php on line 866
[09-Dec-2024 11:05:55 UTC] PHP Warning:  Undefined variable $ag in /home/x7mahm76frnt/public_html/ride.drivvy.com.au/public/drivvydb.php on line 866
[09-Dec-2024 11:05:55 UTC] PHP Warning:  Undefined variable $ag in /home/x7mahm76frnt/public_html/ride.drivvy.com.au/public/drivvydb.php on line 866
[09-Dec-2024 11:05:55 UTC] PHP Warning:  Undefined variable $ag in /home/x7mahm76frnt/public_html/ride.drivvy.com.au/public/drivvydb.php on line 866
[09-Dec-2024 11:05:55 UTC] PHP Warning:  Undefined variable $ag in /home/x7mahm76frnt/public_html/ride.drivvy.com.au/public/drivvydb.php on line 866
[09-Dec-2024 11:05:55 UTC] PHP Warning:  Undefined variable $ag in /home/x7mahm76frnt/public_html/ride.drivvy.com.au/public/drivvydb.php on line 866
[09-Dec-2024 12:17:08 UTC] PHP Warning:  Undefined variable $ag in /home/x7mahm76frnt/public_html/ride.drivvy.com.au/public/drivvydb.php on line 866
[09-Dec-2024 12:17:08 UTC] PHP Warning:  Undefined variable $ag in /home/x7mahm76frnt/public_html/ride.drivvy.com.au/public/drivvydb.php on line 866
[09-Dec-2024 12:17:08 UTC] PHP Warning:  Undefined variable $ag in /home/x7mahm76frnt/public_html/ride.drivvy.com.au/public/drivvydb.php on line 866
[09-Dec-2024 12:17:08 UTC] PHP Warning:  Undefined variable $ag in /home/x7mahm76frnt/public_html/ride.drivvy.com.au/public/drivvydb.php on line 866
[09-Dec-2024 12:17:08 UTC] PHP Warning:  Undefined variable $ag in /home/x7mahm76frnt/public_html/ride.drivvy.com.au/public/drivvydb.php on line 866
[09-Dec-2024 12:17:08 UTC] PHP Warning:  Undefined variable $ag in /home/x7mahm76frnt/public_html/ride.drivvy.com.au/public/drivvydb.php on line 866
[09-Dec-2024 12:17:08 UTC] PHP Warning:  Undefined variable $ag in /home/x7mahm76frnt/public_html/ride.drivvy.com.au/public/drivvydb.php on line 866
[09-Dec-2024 12:17:08 UTC] PHP Warning:  Undefined variable $ag in /home/x7mahm76frnt/public_html/ride.drivvy.com.au/public/drivvydb.php on line 866
[09-Dec-2024 12:17:08 UTC] PHP Warning:  Undefined variable $ag in /home/x7mahm76frnt/public_html/ride.drivvy.com.au/public/drivvydb.php on line 866
[09-Dec-2024 12:17:08 UTC] PHP Warning:  Undefined variable $ag in /home/x7mahm76frnt/public_html/ride.drivvy.com.au/public/drivvydb.php on line 866
[09-Dec-2024 12:17:08 UTC] PHP Warning:  Undefined variable $ag in /home/x7mahm76frnt/public_html/ride.drivvy.com.au/public/drivvydb.php on line 866
[09-Dec-2024 12:17:08 UTC] PHP Warning:  Undefined variable $ag in /home/x7mahm76frnt/public_html/ride.drivvy.com.au/public/drivvydb.php on line 866
[09-Dec-2024 12:17:08 UTC] PHP Warning:  Undefined variable $ag in /home/x7mahm76frnt/public_html/ride.drivvy.com.au/public/drivvydb.php on line 866
[09-Dec-2024 12:17:08 UTC] PHP Warning:  Undefined variable $ag in /home/x7mahm76frnt/public_html/ride.drivvy.com.au/public/drivvydb.php on line 866
[09-Dec-2024 12:17:08 UTC] PHP Warning:  Undefined variable $ag in /home/x7mahm76frnt/public_html/ride.drivvy.com.au/public/drivvydb.php on line 866
[09-Dec-2024 12:17:08 UTC] PHP Warning:  Undefined variable $ag in /home/x7mahm76frnt/public_html/ride.drivvy.com.au/public/drivvydb.php on line 866
[09-Dec-2024 12:17:08 UTC] PHP Warning:  Undefined variable $ag in /home/x7mahm76frnt/public_html/ride.drivvy.com.au/public/drivvydb.php on line 866
[09-Dec-2024 12:17:08 UTC] PHP Warning:  Undefined variable $ag in /home/x7mahm76frnt/public_html/ride.drivvy.com.au/public/drivvydb.php on line 866
[09-Dec-2024 12:17:08 UTC] PHP Warning:  Undefined variable $ag in /home/x7mahm76frnt/public_html/ride.drivvy.com.au/public/drivvydb.php on line 866
[09-Dec-2024 12:44:56 UTC] PHP Warning:  Undefined variable $ag in /home/x7mahm76frnt/public_html/ride.drivvy.com.au/public/drivvydb.php on line 866
[09-Dec-2024 12:44:56 UTC] PHP Warning:  Undefined variable $ag in /home/x7mahm76frnt/public_html/ride.drivvy.com.au/public/drivvydb.php on line 866
[09-Dec-2024 12:44:56 UTC] PHP Warning:  Undefined variable $ag in /home/x7mahm76frnt/public_html/ride.drivvy.com.au/public/drivvydb.php on line 866
[09-Dec-2024 12:44:56 UTC] PHP Warning:  Undefined variable $ag in /home/x7mahm76frnt/public_html/ride.drivvy.com.au/public/drivvydb.php on line 866
[09-Dec-2024 12:44:56 UTC] PHP Warning:  Undefined variable $ag in /home/x7mahm76frnt/public_html/ride.drivvy.com.au/public/drivvydb.php on line 866
[09-Dec-2024 12:44:56 UTC] PHP Warning:  Undefined variable $ag in /home/x7mahm76frnt/public_html/ride.drivvy.com.au/public/drivvydb.php on line 866
[09-Dec-2024 12:44:56 UTC] PHP Warning:  Undefined variable $ag in /home/x7mahm76frnt/public_html/ride.drivvy.com.au/public/drivvydb.php on line 866
[09-Dec-2024 12:44:56 UTC] PHP Warning:  Undefined variable $ag in /home/x7mahm76frnt/public_html/ride.drivvy.com.au/public/drivvydb.php on line 866
[09-Dec-2024 12:44:56 UTC] PHP Warning:  Undefined variable $ag in /home/x7mahm76frnt/public_html/ride.drivvy.com.au/public/drivvydb.php on line 866
[09-Dec-2024 12:44:56 UTC] PHP Warning:  Undefined variable $ag in /home/x7mahm76frnt/public_html/ride.drivvy.com.au/public/drivvydb.php on line 866
[09-Dec-2024 12:44:56 UTC] PHP Warning:  Undefined variable $ag in /home/x7mahm76frnt/public_html/ride.drivvy.com.au/public/drivvydb.php on line 866
[09-Dec-2024 12:44:56 UTC] PHP Warning:  Undefined variable $ag in /home/x7mahm76frnt/public_html/ride.drivvy.com.au/public/drivvydb.php on line 866
[09-Dec-2024 12:44:56 UTC] PHP Warning:  Undefined variable $ag in /home/x7mahm76frnt/public_html/ride.drivvy.com.au/public/drivvydb.php on line 866
[09-Dec-2024 12:44:56 UTC] PHP Warning:  Undefined variable $ag in /home/x7mahm76frnt/public_html/ride.drivvy.com.au/public/drivvydb.php on line 866
[09-Dec-2024 12:44:56 UTC] PHP Warning:  Undefined variable $ag in /home/x7mahm76frnt/public_html/ride.drivvy.com.au/public/drivvydb.php on line 866
[09-Dec-2024 12:44:56 UTC] PHP Warning:  Undefined variable $ag in /home/x7mahm76frnt/public_html/ride.drivvy.com.au/public/drivvydb.php on line 866
[09-Dec-2024 12:44:56 UTC] PHP Warning:  Undefined variable $ag in /home/x7mahm76frnt/public_html/ride.drivvy.com.au/public/drivvydb.php on line 866
[09-Dec-2024 12:44:56 UTC] PHP Warning:  Undefined variable $ag in /home/x7mahm76frnt/public_html/ride.drivvy.com.au/public/drivvydb.php on line 866
[09-Dec-2024 12:44:56 UTC] PHP Warning:  Undefined variable $ag in /home/x7mahm76frnt/public_html/ride.drivvy.com.au/public/drivvydb.php on line 866
[09-Dec-2024 13:08:32 UTC] PHP Warning:  Undefined variable $ag in /home/x7mahm76frnt/public_html/ride.drivvy.com.au/public/drivvydb.php on line 866
[09-Dec-2024 13:08:32 UTC] PHP Warning:  Undefined variable $ag in /home/x7mahm76frnt/public_html/ride.drivvy.com.au/public/drivvydb.php on line 866
[09-Dec-2024 13:08:32 UTC] PHP Warning:  Undefined variable $ag in /home/x7mahm76frnt/public_html/ride.drivvy.com.au/public/drivvydb.php on line 866
[09-Dec-2024 13:08:32 UTC] PHP Warning:  Undefined variable $ag in /home/x7mahm76frnt/public_html/ride.drivvy.com.au/public/drivvydb.php on line 866
[09-Dec-2024 13:08:32 UTC] PHP Warning:  Undefined variable $ag in /home/x7mahm76frnt/public_html/ride.drivvy.com.au/public/drivvydb.php on line 866
[09-Dec-2024 13:08:32 UTC] PHP Warning:  Undefined variable $ag in /home/x7mahm76frnt/public_html/ride.drivvy.com.au/public/drivvydb.php on line 866
[09-Dec-2024 13:08:32 UTC] PHP Warning:  Undefined variable $ag in /home/x7mahm76frnt/public_html/ride.drivvy.com.au/public/drivvydb.php on line 866
[09-Dec-2024 13:08:32 UTC] PHP Warning:  Undefined variable $ag in /home/x7mahm76frnt/public_html/ride.drivvy.com.au/public/drivvydb.php on line 866
[09-Dec-2024 13:08:32 UTC] PHP Warning:  Undefined variable $ag in /home/x7mahm76frnt/public_html/ride.drivvy.com.au/public/drivvydb.php on line 866
[09-Dec-2024 13:08:32 UTC] PHP Warning:  Undefined variable $ag in /home/x7mahm76frnt/public_html/ride.drivvy.com.au/public/drivvydb.php on line 866
[09-Dec-2024 13:08:32 UTC] PHP Warning:  Undefined variable $ag in /home/x7mahm76frnt/public_html/ride.drivvy.com.au/public/drivvydb.php on line 866
[09-Dec-2024 13:08:32 UTC] PHP Warning:  Undefined variable $ag in /home/x7mahm76frnt/public_html/ride.drivvy.com.au/public/drivvydb.php on line 866
[09-Dec-2024 13:08:32 UTC] PHP Warning:  Undefined variable $ag in /home/x7mahm76frnt/public_html/ride.drivvy.com.au/public/drivvydb.php on line 866
[09-Dec-2024 13:08:32 UTC] PHP Warning:  Undefined variable $ag in /home/x7mahm76frnt/public_html/ride.drivvy.com.au/public/drivvydb.php on line 866
[09-Dec-2024 13:08:32 UTC] PHP Warning:  Undefined variable $ag in /home/x7mahm76frnt/public_html/ride.drivvy.com.au/public/drivvydb.php on line 866
[09-Dec-2024 13:08:32 UTC] PHP Warning:  Undefined variable $ag in /home/x7mahm76frnt/public_html/ride.drivvy.com.au/public/drivvydb.php on line 866
[09-Dec-2024 13:08:32 UTC] PHP Warning:  Undefined variable $ag in /home/x7mahm76frnt/public_html/ride.drivvy.com.au/public/drivvydb.php on line 866
[09-Dec-2024 13:08:32 UTC] PHP Warning:  Undefined variable $ag in /home/x7mahm76frnt/public_html/ride.drivvy.com.au/public/drivvydb.php on line 866
[09-Dec-2024 13:08:32 UTC] PHP Warning:  Undefined variable $ag in /home/x7mahm76frnt/public_html/ride.drivvy.com.au/public/drivvydb.php on line 866
[11-Dec-2024 04:02:37 UTC] PHP Warning:  Undefined variable $ag in /home/x7mahm76frnt/public_html/ride.drivvy.com.au/public/drivvydb.php on line 866
[11-Dec-2024 04:02:37 UTC] PHP Warning:  Undefined variable $ag in /home/x7mahm76frnt/public_html/ride.drivvy.com.au/public/drivvydb.php on line 866
[11-Dec-2024 04:02:37 UTC] PHP Warning:  Undefined variable $ag in /home/x7mahm76frnt/public_html/ride.drivvy.com.au/public/drivvydb.php on line 866
[11-Dec-2024 04:02:37 UTC] PHP Warning:  Undefined variable $ag in /home/x7mahm76frnt/public_html/ride.drivvy.com.au/public/drivvydb.php on line 866
[11-Dec-2024 04:02:37 UTC] PHP Warning:  Undefined variable $ag in /home/x7mahm76frnt/public_html/ride.drivvy.com.au/public/drivvydb.php on line 866
[11-Dec-2024 04:02:37 UTC] PHP Warning:  Undefined variable $ag in /home/x7mahm76frnt/public_html/ride.drivvy.com.au/public/drivvydb.php on line 866
[11-Dec-2024 04:02:37 UTC] PHP Warning:  Undefined variable $ag in /home/x7mahm76frnt/public_html/ride.drivvy.com.au/public/drivvydb.php on line 866
[11-Dec-2024 04:02:37 UTC] PHP Warning:  Undefined variable $ag in /home/x7mahm76frnt/public_html/ride.drivvy.com.au/public/drivvydb.php on line 866
[11-Dec-2024 04:02:37 UTC] PHP Warning:  Undefined variable $ag in /home/x7mahm76frnt/public_html/ride.drivvy.com.au/public/drivvydb.php on line 866
[11-Dec-2024 04:02:37 UTC] PHP Warning:  Undefined variable $ag in /home/x7mahm76frnt/public_html/ride.drivvy.com.au/public/drivvydb.php on line 866
[11-Dec-2024 04:02:37 UTC] PHP Warning:  Undefined variable $ag in /home/x7mahm76frnt/public_html/ride.drivvy.com.au/public/drivvydb.php on line 866
[11-Dec-2024 04:02:37 UTC] PHP Warning:  Undefined variable $ag in /home/x7mahm76frnt/public_html/ride.drivvy.com.au/public/drivvydb.php on line 866
[11-Dec-2024 04:02:37 UTC] PHP Warning:  Undefined variable $ag in /home/x7mahm76frnt/public_html/ride.drivvy.com.au/public/drivvydb.php on line 866
[11-Dec-2024 04:02:37 UTC] PHP Warning:  Undefined variable $ag in /home/x7mahm76frnt/public_html/ride.drivvy.com.au/public/drivvydb.php on line 866
[11-Dec-2024 04:02:37 UTC] PHP Warning:  Undefined variable $ag in /home/x7mahm76frnt/public_html/ride.drivvy.com.au/public/drivvydb.php on line 866
[11-Dec-2024 04:02:37 UTC] PHP Warning:  Undefined variable $ag in /home/x7mahm76frnt/public_html/ride.drivvy.com.au/public/drivvydb.php on line 866
[11-Dec-2024 04:02:37 UTC] PHP Warning:  Undefined variable $ag in /home/x7mahm76frnt/public_html/ride.drivvy.com.au/public/drivvydb.php on line 866
[11-Dec-2024 04:02:37 UTC] PHP Warning:  Undefined variable $ag in /home/x7mahm76frnt/public_html/ride.drivvy.com.au/public/drivvydb.php on line 866
[11-Dec-2024 04:02:37 UTC] PHP Warning:  Undefined variable $ag in /home/x7mahm76frnt/public_html/ride.drivvy.com.au/public/drivvydb.php on line 866
[11-Dec-2024 08:31:16 UTC] PHP Warning:  Undefined variable $ag in /home/x7mahm76frnt/public_html/ride.drivvy.com.au/public/drivvydb.php on line 866
[11-Dec-2024 08:31:16 UTC] PHP Warning:  Undefined variable $ag in /home/x7mahm76frnt/public_html/ride.drivvy.com.au/public/drivvydb.php on line 866
[11-Dec-2024 08:31:16 UTC] PHP Warning:  Undefined variable $ag in /home/x7mahm76frnt/public_html/ride.drivvy.com.au/public/drivvydb.php on line 866
[11-Dec-2024 08:31:16 UTC] PHP Warning:  Undefined variable $ag in /home/x7mahm76frnt/public_html/ride.drivvy.com.au/public/drivvydb.php on line 866
[11-Dec-2024 08:31:16 UTC] PHP Warning:  Undefined variable $ag in /home/x7mahm76frnt/public_html/ride.drivvy.com.au/public/drivvydb.php on line 866
[11-Dec-2024 08:31:16 UTC] PHP Warning:  Undefined variable $ag in /home/x7mahm76frnt/public_html/ride.drivvy.com.au/public/drivvydb.php on line 866
[11-Dec-2024 08:31:16 UTC] PHP Warning:  Undefined variable $ag in /home/x7mahm76frnt/public_html/ride.drivvy.com.au/public/drivvydb.php on line 866
[11-Dec-2024 08:31:16 UTC] PHP Warning:  Undefined variable $ag in /home/x7mahm76frnt/public_html/ride.drivvy.com.au/public/drivvydb.php on line 866
[11-Dec-2024 08:31:16 UTC] PHP Warning:  Undefined variable $ag in /home/x7mahm76frnt/public_html/ride.drivvy.com.au/public/drivvydb.php on line 866
[11-Dec-2024 08:31:16 UTC] PHP Warning:  Undefined variable $ag in /home/x7mahm76frnt/public_html/ride.drivvy.com.au/public/drivvydb.php on line 866
[11-Dec-2024 08:31:16 UTC] PHP Warning:  Undefined variable $ag in /home/x7mahm76frnt/public_html/ride.drivvy.com.au/public/drivvydb.php on line 866
[11-Dec-2024 08:31:16 UTC] PHP Warning:  Undefined variable $ag in /home/x7mahm76frnt/public_html/ride.drivvy.com.au/public/drivvydb.php on line 866
[11-Dec-2024 08:31:16 UTC] PHP Warning:  Undefined variable $ag in /home/x7mahm76frnt/public_html/ride.drivvy.com.au/public/drivvydb.php on line 866
[11-Dec-2024 08:31:16 UTC] PHP Warning:  Undefined variable $ag in /home/x7mahm76frnt/public_html/ride.drivvy.com.au/public/drivvydb.php on line 866
[11-Dec-2024 08:31:16 UTC] PHP Warning:  Undefined variable $ag in /home/x7mahm76frnt/public_html/ride.drivvy.com.au/public/drivvydb.php on line 866
[11-Dec-2024 08:31:16 UTC] PHP Warning:  Undefined variable $ag in /home/x7mahm76frnt/public_html/ride.drivvy.com.au/public/drivvydb.php on line 866
[11-Dec-2024 08:31:16 UTC] PHP Warning:  Undefined variable $ag in /home/x7mahm76frnt/public_html/ride.drivvy.com.au/public/drivvydb.php on line 866
[11-Dec-2024 08:31:16 UTC] PHP Warning:  Undefined variable $ag in /home/x7mahm76frnt/public_html/ride.drivvy.com.au/public/drivvydb.php on line 866
[11-Dec-2024 08:31:16 UTC] PHP Warning:  Undefined variable $ag in /home/x7mahm76frnt/public_html/ride.drivvy.com.au/public/drivvydb.php on line 866
[11-Dec-2024 08:31:16 UTC] PHP Warning:  Undefined variable $ag in /home/x7mahm76frnt/public_html/ride.drivvy.com.au/public/drivvydb.php on line 866
[12-Dec-2024 03:45:21 UTC] PHP Warning:  Undefined variable $ag in /home/x7mahm76frnt/public_html/ride.drivvy.com.au/public/drivvydb.php on line 866
[12-Dec-2024 03:45:21 UTC] PHP Warning:  Undefined variable $ag in /home/x7mahm76frnt/public_html/ride.drivvy.com.au/public/drivvydb.php on line 866
[12-Dec-2024 03:45:21 UTC] PHP Warning:  Undefined variable $ag in /home/x7mahm76frnt/public_html/ride.drivvy.com.au/public/drivvydb.php on line 866
[12-Dec-2024 03:45:21 UTC] PHP Warning:  Undefined variable $ag in /home/x7mahm76frnt/public_html/ride.drivvy.com.au/public/drivvydb.php on line 866
[12-Dec-2024 03:45:21 UTC] PHP Warning:  Undefined variable $ag in /home/x7mahm76frnt/public_html/ride.drivvy.com.au/public/drivvydb.php on line 866
[12-Dec-2024 03:45:21 UTC] PHP Warning:  Undefined variable $ag in /home/x7mahm76frnt/public_html/ride.drivvy.com.au/public/drivvydb.php on line 866
[12-Dec-2024 03:45:21 UTC] PHP Warning:  Undefined variable $ag in /home/x7mahm76frnt/public_html/ride.drivvy.com.au/public/drivvydb.php on line 866
[12-Dec-2024 03:45:21 UTC] PHP Warning:  Undefined variable $ag in /home/x7mahm76frnt/public_html/ride.drivvy.com.au/public/drivvydb.php on line 866
[12-Dec-2024 03:45:21 UTC] PHP Warning:  Undefined variable $ag in /home/x7mahm76frnt/public_html/ride.drivvy.com.au/public/drivvydb.php on line 866
[12-Dec-2024 03:45:21 UTC] PHP Warning:  Undefined variable $ag in /home/x7mahm76frnt/public_html/ride.drivvy.com.au/public/drivvydb.php on line 866
[12-Dec-2024 03:45:21 UTC] PHP Warning:  Undefined variable $ag in /home/x7mahm76frnt/public_html/ride.drivvy.com.au/public/drivvydb.php on line 866
[12-Dec-2024 03:45:21 UTC] PHP Warning:  Undefined variable $ag in /home/x7mahm76frnt/public_html/ride.drivvy.com.au/public/drivvydb.php on line 866
[12-Dec-2024 03:45:21 UTC] PHP Warning:  Undefined variable $ag in /home/x7mahm76frnt/public_html/ride.drivvy.com.au/public/drivvydb.php on line 866
[12-Dec-2024 03:45:21 UTC] PHP Warning:  Undefined variable $ag in /home/x7mahm76frnt/public_html/ride.drivvy.com.au/public/drivvydb.php on line 866
[12-Dec-2024 03:45:21 UTC] PHP Warning:  Undefined variable $ag in /home/x7mahm76frnt/public_html/ride.drivvy.com.au/public/drivvydb.php on line 866
[12-Dec-2024 03:45:21 UTC] PHP Warning:  Undefined variable $ag in /home/x7mahm76frnt/public_html/ride.drivvy.com.au/public/drivvydb.php on line 866
[12-Dec-2024 03:45:21 UTC] PHP Warning:  Undefined variable $ag in /home/x7mahm76frnt/public_html/ride.drivvy.com.au/public/drivvydb.php on line 866
[12-Dec-2024 03:45:21 UTC] PHP Warning:  Undefined variable $ag in /home/x7mahm76frnt/public_html/ride.drivvy.com.au/public/drivvydb.php on line 866
[12-Dec-2024 03:45:21 UTC] PHP Warning:  Undefined variable $ag in /home/x7mahm76frnt/public_html/ride.drivvy.com.au/public/drivvydb.php on line 866
[12-Dec-2024 03:45:21 UTC] PHP Warning:  Undefined variable $ag in /home/x7mahm76frnt/public_html/ride.drivvy.com.au/public/drivvydb.php on line 866
[12-Dec-2024 07:11:33 UTC] PHP Warning:  Undefined variable $ag in /home/x7mahm76frnt/public_html/ride.drivvy.com.au/public/drivvydb.php on line 866
[12-Dec-2024 07:11:33 UTC] PHP Warning:  Undefined variable $ag in /home/x7mahm76frnt/public_html/ride.drivvy.com.au/public/drivvydb.php on line 866
[12-Dec-2024 07:11:33 UTC] PHP Warning:  Undefined variable $ag in /home/x7mahm76frnt/public_html/ride.drivvy.com.au/public/drivvydb.php on line 866
[12-Dec-2024 07:11:33 UTC] PHP Warning:  Undefined variable $ag in /home/x7mahm76frnt/public_html/ride.drivvy.com.au/public/drivvydb.php on line 866
[12-Dec-2024 07:11:33 UTC] PHP Warning:  Undefined variable $ag in /home/x7mahm76frnt/public_html/ride.drivvy.com.au/public/drivvydb.php on line 866
[12-Dec-2024 07:11:33 UTC] PHP Warning:  Undefined variable $ag in /home/x7mahm76frnt/public_html/ride.drivvy.com.au/public/drivvydb.php on line 866
[12-Dec-2024 07:11:33 UTC] PHP Warning:  Undefined variable $ag in /home/x7mahm76frnt/public_html/ride.drivvy.com.au/public/drivvydb.php on line 866
[12-Dec-2024 07:11:33 UTC] PHP Warning:  Undefined variable $ag in /home/x7mahm76frnt/public_html/ride.drivvy.com.au/public/drivvydb.php on line 866
[12-Dec-2024 07:11:33 UTC] PHP Warning:  Undefined variable $ag in /home/x7mahm76frnt/public_html/ride.drivvy.com.au/public/drivvydb.php on line 866
[12-Dec-2024 07:11:33 UTC] PHP Warning:  Undefined variable $ag in /home/x7mahm76frnt/public_html/ride.drivvy.com.au/public/drivvydb.php on line 866
[12-Dec-2024 07:11:33 UTC] PHP Warning:  Undefined variable $ag in /home/x7mahm76frnt/public_html/ride.drivvy.com.au/public/drivvydb.php on line 866
[12-Dec-2024 07:11:33 UTC] PHP Warning:  Undefined variable $ag in /home/x7mahm76frnt/public_html/ride.drivvy.com.au/public/drivvydb.php on line 866
[12-Dec-2024 07:11:33 UTC] PHP Warning:  Undefined variable $ag in /home/x7mahm76frnt/public_html/ride.drivvy.com.au/public/drivvydb.php on line 866
[12-Dec-2024 07:11:33 UTC] PHP Warning:  Undefined variable $ag in /home/x7mahm76frnt/public_html/ride.drivvy.com.au/public/drivvydb.php on line 866
[12-Dec-2024 07:11:33 UTC] PHP Warning:  Undefined variable $ag in /home/x7mahm76frnt/public_html/ride.drivvy.com.au/public/drivvydb.php on line 866
[12-Dec-2024 07:11:33 UTC] PHP Warning:  Undefined variable $ag in /home/x7mahm76frnt/public_html/ride.drivvy.com.au/public/drivvydb.php on line 866
[12-Dec-2024 07:11:33 UTC] PHP Warning:  Undefined variable $ag in /home/x7mahm76frnt/public_html/ride.drivvy.com.au/public/drivvydb.php on line 866
[12-Dec-2024 07:11:33 UTC] PHP Warning:  Undefined variable $ag in /home/x7mahm76frnt/public_html/ride.drivvy.com.au/public/drivvydb.php on line 866
[12-Dec-2024 07:11:33 UTC] PHP Warning:  Undefined variable $ag in /home/x7mahm76frnt/public_html/ride.drivvy.com.au/public/drivvydb.php on line 866
[12-Dec-2024 07:11:33 UTC] PHP Warning:  Undefined variable $ag in /home/x7mahm76frnt/public_html/ride.drivvy.com.au/public/drivvydb.php on line 866
[13-Dec-2024 04:01:29 UTC] PHP Warning:  Undefined variable $ag in /home/x7mahm76frnt/public_html/ride.drivvy.com.au/public/drivvydb.php on line 866
[13-Dec-2024 04:01:29 UTC] PHP Warning:  Undefined variable $ag in /home/x7mahm76frnt/public_html/ride.drivvy.com.au/public/drivvydb.php on line 866
[13-Dec-2024 04:01:29 UTC] PHP Warning:  Undefined variable $ag in /home/x7mahm76frnt/public_html/ride.drivvy.com.au/public/drivvydb.php on line 866
[13-Dec-2024 04:01:29 UTC] PHP Warning:  Undefined variable $ag in /home/x7mahm76frnt/public_html/ride.drivvy.com.au/public/drivvydb.php on line 866
[13-Dec-2024 04:01:29 UTC] PHP Warning:  Undefined variable $ag in /home/x7mahm76frnt/public_html/ride.drivvy.com.au/public/drivvydb.php on line 866
[13-Dec-2024 04:01:29 UTC] PHP Warning:  Undefined variable $ag in /home/x7mahm76frnt/public_html/ride.drivvy.com.au/public/drivvydb.php on line 866
[13-Dec-2024 04:01:29 UTC] PHP Warning:  Undefined variable $ag in /home/x7mahm76frnt/public_html/ride.drivvy.com.au/public/drivvydb.php on line 866
[13-Dec-2024 04:01:29 UTC] PHP Warning:  Undefined variable $ag in /home/x7mahm76frnt/public_html/ride.drivvy.com.au/public/drivvydb.php on line 866
[13-Dec-2024 04:01:29 UTC] PHP Warning:  Undefined variable $ag in /home/x7mahm76frnt/public_html/ride.drivvy.com.au/public/drivvydb.php on line 866
[13-Dec-2024 04:01:29 UTC] PHP Warning:  Undefined variable $ag in /home/x7mahm76frnt/public_html/ride.drivvy.com.au/public/drivvydb.php on line 866
[13-Dec-2024 04:01:29 UTC] PHP Warning:  Undefined variable $ag in /home/x7mahm76frnt/public_html/ride.drivvy.com.au/public/drivvydb.php on line 866
[13-Dec-2024 04:01:29 UTC] PHP Warning:  Undefined variable $ag in /home/x7mahm76frnt/public_html/ride.drivvy.com.au/public/drivvydb.php on line 866
[13-Dec-2024 04:01:29 UTC] PHP Warning:  Undefined variable $ag in /home/x7mahm76frnt/public_html/ride.drivvy.com.au/public/drivvydb.php on line 866
[13-Dec-2024 04:01:29 UTC] PHP Warning:  Undefined variable $ag in /home/x7mahm76frnt/public_html/ride.drivvy.com.au/public/drivvydb.php on line 866
[13-Dec-2024 04:01:29 UTC] PHP Warning:  Undefined variable $ag in /home/x7mahm76frnt/public_html/ride.drivvy.com.au/public/drivvydb.php on line 866
[13-Dec-2024 04:01:29 UTC] PHP Warning:  Undefined variable $ag in /home/x7mahm76frnt/public_html/ride.drivvy.com.au/public/drivvydb.php on line 866
[13-Dec-2024 04:01:29 UTC] PHP Warning:  Undefined variable $ag in /home/x7mahm76frnt/public_html/ride.drivvy.com.au/public/drivvydb.php on line 866
[13-Dec-2024 04:01:29 UTC] PHP Warning:  Undefined variable $ag in /home/x7mahm76frnt/public_html/ride.drivvy.com.au/public/drivvydb.php on line 866
[13-Dec-2024 04:01:29 UTC] PHP Warning:  Undefined variable $ag in /home/x7mahm76frnt/public_html/ride.drivvy.com.au/public/drivvydb.php on line 866
[13-Dec-2024 04:01:29 UTC] PHP Warning:  Undefined variable $ag in /home/x7mahm76frnt/public_html/ride.drivvy.com.au/public/drivvydb.php on line 866
[13-Dec-2024 04:01:29 UTC] PHP Warning:  Undefined variable $ag in /home/x7mahm76frnt/public_html/ride.drivvy.com.au/public/drivvydb.php on line 866
[13-Dec-2024 04:01:29 UTC] PHP Warning:  Undefined variable $ag in /home/x7mahm76frnt/public_html/ride.drivvy.com.au/public/drivvydb.php on line 866
[17-Dec-2024 10:45:07 UTC] PHP Warning:  Undefined variable $ag in /home/x7mahm76frnt/public_html/ride.drivvy.com.au/public/drivvydb.php on line 866
[17-Dec-2024 10:45:07 UTC] PHP Warning:  Undefined variable $ag in /home/x7mahm76frnt/public_html/ride.drivvy.com.au/public/drivvydb.php on line 866
[17-Dec-2024 10:45:07 UTC] PHP Warning:  Undefined variable $ag in /home/x7mahm76frnt/public_html/ride.drivvy.com.au/public/drivvydb.php on line 866
[17-Dec-2024 10:45:07 UTC] PHP Warning:  Undefined variable $ag in /home/x7mahm76frnt/public_html/ride.drivvy.com.au/public/drivvydb.php on line 866
[17-Dec-2024 10:45:07 UTC] PHP Warning:  Undefined variable $ag in /home/x7mahm76frnt/public_html/ride.drivvy.com.au/public/drivvydb.php on line 866
[17-Dec-2024 10:45:07 UTC] PHP Warning:  Undefined variable $ag in /home/x7mahm76frnt/public_html/ride.drivvy.com.au/public/drivvydb.php on line 866
[17-Dec-2024 10:45:07 UTC] PHP Warning:  Undefined variable $ag in /home/x7mahm76frnt/public_html/ride.drivvy.com.au/public/drivvydb.php on line 866
[17-Dec-2024 10:45:07 UTC] PHP Warning:  Undefined variable $ag in /home/x7mahm76frnt/public_html/ride.drivvy.com.au/public/drivvydb.php on line 866
[17-Dec-2024 10:45:07 UTC] PHP Warning:  Undefined variable $ag in /home/x7mahm76frnt/public_html/ride.drivvy.com.au/public/drivvydb.php on line 866
[17-Dec-2024 10:45:07 UTC] PHP Warning:  Undefined variable $ag in /home/x7mahm76frnt/public_html/ride.drivvy.com.au/public/drivvydb.php on line 866
[17-Dec-2024 10:45:07 UTC] PHP Warning:  Undefined variable $ag in /home/x7mahm76frnt/public_html/ride.drivvy.com.au/public/drivvydb.php on line 866
[17-Dec-2024 10:45:07 UTC] PHP Warning:  Undefined variable $ag in /home/x7mahm76frnt/public_html/ride.drivvy.com.au/public/drivvydb.php on line 866
[17-Dec-2024 10:45:07 UTC] PHP Warning:  Undefined variable $ag in /home/x7mahm76frnt/public_html/ride.drivvy.com.au/public/drivvydb.php on line 866
[17-Dec-2024 10:45:07 UTC] PHP Warning:  Undefined variable $ag in /home/x7mahm76frnt/public_html/ride.drivvy.com.au/public/drivvydb.php on line 866
[17-Dec-2024 10:45:07 UTC] PHP Warning:  Undefined variable $ag in /home/x7mahm76frnt/public_html/ride.drivvy.com.au/public/drivvydb.php on line 866
[17-Dec-2024 10:45:07 UTC] PHP Warning:  Undefined variable $ag in /home/x7mahm76frnt/public_html/ride.drivvy.com.au/public/drivvydb.php on line 866
[17-Dec-2024 10:45:07 UTC] PHP Warning:  Undefined variable $ag in /home/x7mahm76frnt/public_html/ride.drivvy.com.au/public/drivvydb.php on line 866
[17-Dec-2024 10:45:07 UTC] PHP Warning:  Undefined variable $ag in /home/x7mahm76frnt/public_html/ride.drivvy.com.au/public/drivvydb.php on line 866
[17-Dec-2024 10:45:07 UTC] PHP Warning:  Undefined variable $ag in /home/x7mahm76frnt/public_html/ride.drivvy.com.au/public/drivvydb.php on line 866
[17-Dec-2024 10:45:07 UTC] PHP Warning:  Undefined variable $ag in /home/x7mahm76frnt/public_html/ride.drivvy.com.au/public/drivvydb.php on line 866
[17-Dec-2024 10:45:07 UTC] PHP Warning:  Undefined variable $ag in /home/x7mahm76frnt/public_html/ride.drivvy.com.au/public/drivvydb.php on line 866
[17-Dec-2024 10:45:07 UTC] PHP Warning:  Undefined variable $ag in /home/x7mahm76frnt/public_html/ride.drivvy.com.au/public/drivvydb.php on line 866
[17-Dec-2024 10:45:07 UTC] PHP Warning:  Undefined variable $ag in /home/x7mahm76frnt/public_html/ride.drivvy.com.au/public/drivvydb.php on line 866
[19-Dec-2024 04:17:41 UTC] PHP Warning:  Undefined variable $ag in /home/x7mahm76frnt/public_html/ride.drivvy.com.au/public/drivvydb.php on line 866
[19-Dec-2024 04:17:41 UTC] PHP Warning:  Undefined variable $ag in /home/x7mahm76frnt/public_html/ride.drivvy.com.au/public/drivvydb.php on line 866
[19-Dec-2024 04:17:41 UTC] PHP Warning:  Undefined variable $ag in /home/x7mahm76frnt/public_html/ride.drivvy.com.au/public/drivvydb.php on line 866
[19-Dec-2024 04:17:41 UTC] PHP Warning:  Undefined variable $ag in /home/x7mahm76frnt/public_html/ride.drivvy.com.au/public/drivvydb.php on line 866
[19-Dec-2024 04:17:41 UTC] PHP Warning:  Undefined variable $ag in /home/x7mahm76frnt/public_html/ride.drivvy.com.au/public/drivvydb.php on line 866
[19-Dec-2024 04:17:41 UTC] PHP Warning:  Undefined variable $ag in /home/x7mahm76frnt/public_html/ride.drivvy.com.au/public/drivvydb.php on line 866
[19-Dec-2024 04:17:41 UTC] PHP Warning:  Undefined variable $ag in /home/x7mahm76frnt/public_html/ride.drivvy.com.au/public/drivvydb.php on line 866
[19-Dec-2024 04:17:41 UTC] PHP Warning:  Undefined variable $ag in /home/x7mahm76frnt/public_html/ride.drivvy.com.au/public/drivvydb.php on line 866
[19-Dec-2024 04:17:41 UTC] PHP Warning:  Undefined variable $ag in /home/x7mahm76frnt/public_html/ride.drivvy.com.au/public/drivvydb.php on line 866
[19-Dec-2024 04:17:41 UTC] PHP Warning:  Undefined variable $ag in /home/x7mahm76frnt/public_html/ride.drivvy.com.au/public/drivvydb.php on line 866
[19-Dec-2024 04:17:41 UTC] PHP Warning:  Undefined variable $ag in /home/x7mahm76frnt/public_html/ride.drivvy.com.au/public/drivvydb.php on line 866
[19-Dec-2024 04:17:41 UTC] PHP Warning:  Undefined variable $ag in /home/x7mahm76frnt/public_html/ride.drivvy.com.au/public/drivvydb.php on line 866
[19-Dec-2024 04:17:41 UTC] PHP Warning:  Undefined variable $ag in /home/x7mahm76frnt/public_html/ride.drivvy.com.au/public/drivvydb.php on line 866
[19-Dec-2024 04:17:41 UTC] PHP Warning:  Undefined variable $ag in /home/x7mahm76frnt/public_html/ride.drivvy.com.au/public/drivvydb.php on line 866
[19-Dec-2024 04:17:41 UTC] PHP Warning:  Undefined variable $ag in /home/x7mahm76frnt/public_html/ride.drivvy.com.au/public/drivvydb.php on line 866
[19-Dec-2024 04:17:41 UTC] PHP Warning:  Undefined variable $ag in /home/x7mahm76frnt/public_html/ride.drivvy.com.au/public/drivvydb.php on line 866
[19-Dec-2024 10:22:09 UTC] PHP Warning:  Undefined variable $ag in /home/x7mahm76frnt/public_html/ride.drivvy.com.au/public/drivvydb.php on line 866
[19-Dec-2024 10:22:09 UTC] PHP Warning:  Undefined variable $ag in /home/x7mahm76frnt/public_html/ride.drivvy.com.au/public/drivvydb.php on line 866
[19-Dec-2024 10:22:09 UTC] PHP Warning:  Undefined variable $ag in /home/x7mahm76frnt/public_html/ride.drivvy.com.au/public/drivvydb.php on line 866
[19-Dec-2024 10:22:09 UTC] PHP Warning:  Undefined variable $ag in /home/x7mahm76frnt/public_html/ride.drivvy.com.au/public/drivvydb.php on line 866
[19-Dec-2024 10:22:09 UTC] PHP Warning:  Undefined variable $ag in /home/x7mahm76frnt/public_html/ride.drivvy.com.au/public/drivvydb.php on line 866
[19-Dec-2024 10:22:09 UTC] PHP Warning:  Undefined variable $ag in /home/x7mahm76frnt/public_html/ride.drivvy.com.au/public/drivvydb.php on line 866
[19-Dec-2024 10:22:09 UTC] PHP Warning:  Undefined variable $ag in /home/x7mahm76frnt/public_html/ride.drivvy.com.au/public/drivvydb.php on line 866
[19-Dec-2024 10:22:09 UTC] PHP Warning:  Undefined variable $ag in /home/x7mahm76frnt/public_html/ride.drivvy.com.au/public/drivvydb.php on line 866
[19-Dec-2024 10:22:09 UTC] PHP Warning:  Undefined variable $ag in /home/x7mahm76frnt/public_html/ride.drivvy.com.au/public/drivvydb.php on line 866
[19-Dec-2024 10:22:09 UTC] PHP Warning:  Undefined variable $ag in /home/x7mahm76frnt/public_html/ride.drivvy.com.au/public/drivvydb.php on line 866
[19-Dec-2024 10:22:09 UTC] PHP Warning:  Undefined variable $ag in /home/x7mahm76frnt/public_html/ride.drivvy.com.au/public/drivvydb.php on line 866
[19-Dec-2024 10:22:09 UTC] PHP Warning:  Undefined variable $ag in /home/x7mahm76frnt/public_html/ride.drivvy.com.au/public/drivvydb.php on line 866
[19-Dec-2024 10:22:09 UTC] PHP Warning:  Undefined variable $ag in /home/x7mahm76frnt/public_html/ride.drivvy.com.au/public/drivvydb.php on line 866
[19-Dec-2024 10:22:09 UTC] PHP Warning:  Undefined variable $ag in /home/x7mahm76frnt/public_html/ride.drivvy.com.au/public/drivvydb.php on line 866
[19-Dec-2024 10:22:09 UTC] PHP Warning:  Undefined variable $ag in /home/x7mahm76frnt/public_html/ride.drivvy.com.au/public/drivvydb.php on line 866
[19-Dec-2024 10:22:09 UTC] PHP Warning:  Undefined variable $ag in /home/x7mahm76frnt/public_html/ride.drivvy.com.au/public/drivvydb.php on line 866
[10-Jan-2025 09:13:39 UTC] PHP Warning:  Undefined variable $ag in /home/x7mahm76frnt/public_html/ride.drivvy.com.au/public/drivvydb.php on line 866
[10-Jan-2025 09:13:39 UTC] PHP Warning:  Undefined variable $ag in /home/x7mahm76frnt/public_html/ride.drivvy.com.au/public/drivvydb.php on line 866
[10-Jan-2025 09:13:39 UTC] PHP Warning:  Undefined variable $ag in /home/x7mahm76frnt/public_html/ride.drivvy.com.au/public/drivvydb.php on line 866
[10-Jan-2025 09:13:39 UTC] PHP Warning:  Undefined variable $ag in /home/x7mahm76frnt/public_html/ride.drivvy.com.au/public/drivvydb.php on line 866
[10-Jan-2025 09:13:39 UTC] PHP Warning:  Undefined variable $ag in /home/x7mahm76frnt/public_html/ride.drivvy.com.au/public/drivvydb.php on line 866
[10-Jan-2025 09:13:39 UTC] PHP Warning:  Undefined variable $ag in /home/x7mahm76frnt/public_html/ride.drivvy.com.au/public/drivvydb.php on line 866
[10-Jan-2025 09:13:39 UTC] PHP Warning:  Undefined variable $ag in /home/x7mahm76frnt/public_html/ride.drivvy.com.au/public/drivvydb.php on line 866
[10-Jan-2025 09:13:39 UTC] PHP Warning:  Undefined variable $ag in /home/x7mahm76frnt/public_html/ride.drivvy.com.au/public/drivvydb.php on line 866
[10-Jan-2025 09:13:39 UTC] PHP Warning:  Undefined variable $ag in /home/x7mahm76frnt/public_html/ride.drivvy.com.au/public/drivvydb.php on line 866
[10-Jan-2025 09:13:39 UTC] PHP Warning:  Undefined variable $ag in /home/x7mahm76frnt/public_html/ride.drivvy.com.au/public/drivvydb.php on line 866
[10-Jan-2025 09:13:39 UTC] PHP Warning:  Undefined variable $ag in /home/x7mahm76frnt/public_html/ride.drivvy.com.au/public/drivvydb.php on line 866
[10-Jan-2025 09:13:39 UTC] PHP Warning:  Undefined variable $ag in /home/x7mahm76frnt/public_html/ride.drivvy.com.au/public/drivvydb.php on line 866
[10-Jan-2025 09:13:39 UTC] PHP Warning:  Undefined variable $ag in /home/x7mahm76frnt/public_html/ride.drivvy.com.au/public/drivvydb.php on line 866
[10-Jan-2025 09:13:39 UTC] PHP Warning:  Undefined variable $ag in /home/x7mahm76frnt/public_html/ride.drivvy.com.au/public/drivvydb.php on line 866
[10-Jan-2025 09:13:39 UTC] PHP Warning:  Undefined variable $ag in /home/x7mahm76frnt/public_html/ride.drivvy.com.au/public/drivvydb.php on line 866
[10-Jan-2025 09:13:39 UTC] PHP Warning:  Undefined variable $ag in /home/x7mahm76frnt/public_html/ride.drivvy.com.au/public/drivvydb.php on line 866
[10-Jan-2025 09:13:39 UTC] PHP Warning:  Undefined variable $ag in /home/x7mahm76frnt/public_html/ride.drivvy.com.au/public/drivvydb.php on line 866
[10-Jan-2025 09:13:39 UTC] PHP Warning:  Undefined variable $ag in /home/x7mahm76frnt/public_html/ride.drivvy.com.au/public/drivvydb.php on line 866
[30-Jan-2025 10:08:02 UTC] PHP Warning:  Undefined variable $ag in /home/x7mahm76frnt/public_html/ride.drivvy.com.au/public/drivvydb.php on line 866
[30-Jan-2025 10:08:02 UTC] PHP Warning:  Undefined variable $ag in /home/x7mahm76frnt/public_html/ride.drivvy.com.au/public/drivvydb.php on line 866
[30-Jan-2025 10:08:02 UTC] PHP Warning:  Undefined variable $ag in /home/x7mahm76frnt/public_html/ride.drivvy.com.au/public/drivvydb.php on line 866
[30-Jan-2025 10:08:02 UTC] PHP Warning:  Undefined variable $ag in /home/x7mahm76frnt/public_html/ride.drivvy.com.au/public/drivvydb.php on line 866
[30-Jan-2025 10:08:02 UTC] PHP Warning:  Undefined variable $ag in /home/x7mahm76frnt/public_html/ride.drivvy.com.au/public/drivvydb.php on line 866
[30-Jan-2025 10:08:02 UTC] PHP Warning:  Undefined variable $ag in /home/x7mahm76frnt/public_html/ride.drivvy.com.au/public/drivvydb.php on line 866
[30-Jan-2025 10:08:02 UTC] PHP Warning:  Undefined variable $ag in /home/x7mahm76frnt/public_html/ride.drivvy.com.au/public/drivvydb.php on line 866
[30-Jan-2025 10:08:02 UTC] PHP Warning:  Undefined variable $ag in /home/x7mahm76frnt/public_html/ride.drivvy.com.au/public/drivvydb.php on line 866
[30-Jan-2025 10:08:02 UTC] PHP Warning:  Undefined variable $ag in /home/x7mahm76frnt/public_html/ride.drivvy.com.au/public/drivvydb.php on line 866
[30-Jan-2025 10:08:02 UTC] PHP Warning:  Undefined variable $ag in /home/x7mahm76frnt/public_html/ride.drivvy.com.au/public/drivvydb.php on line 866
[30-Jan-2025 10:08:02 UTC] PHP Warning:  Undefined variable $ag in /home/x7mahm76frnt/public_html/ride.drivvy.com.au/public/drivvydb.php on line 866
[30-Jan-2025 10:08:02 UTC] PHP Warning:  Undefined variable $ag in /home/x7mahm76frnt/public_html/ride.drivvy.com.au/public/drivvydb.php on line 866
[30-Jan-2025 10:08:02 UTC] PHP Warning:  Undefined variable $ag in /home/x7mahm76frnt/public_html/ride.drivvy.com.au/public/drivvydb.php on line 866
[30-Jan-2025 10:08:02 UTC] PHP Warning:  Undefined variable $ag in /home/x7mahm76frnt/public_html/ride.drivvy.com.au/public/drivvydb.php on line 866
[30-Jan-2025 10:08:02 UTC] PHP Warning:  Undefined variable $ag in /home/x7mahm76frnt/public_html/ride.drivvy.com.au/public/drivvydb.php on line 866
[30-Jan-2025 10:08:02 UTC] PHP Warning:  Undefined variable $ag in /home/x7mahm76frnt/public_html/ride.drivvy.com.au/public/drivvydb.php on line 866
[30-Jan-2025 10:08:02 UTC] PHP Warning:  Undefined variable $ag in /home/x7mahm76frnt/public_html/ride.drivvy.com.au/public/drivvydb.php on line 866
[30-Jan-2025 10:08:02 UTC] PHP Warning:  Undefined variable $ag in /home/x7mahm76frnt/public_html/ride.drivvy.com.au/public/drivvydb.php on line 866
[30-Jan-2025 10:08:02 UTC] PHP Warning:  Undefined variable $ag in /home/x7mahm76frnt/public_html/ride.drivvy.com.au/public/drivvydb.php on line 866
[14-Feb-2025 10:04:39 UTC] PHP Warning:  Undefined variable $ag in /home/x7mahm76frnt/public_html/ride.drivvy.com.au/public/drivvydb.php on line 866
[14-Feb-2025 10:04:39 UTC] PHP Warning:  Undefined variable $ag in /home/x7mahm76frnt/public_html/ride.drivvy.com.au/public/drivvydb.php on line 866
[14-Feb-2025 10:04:39 UTC] PHP Warning:  Undefined variable $ag in /home/x7mahm76frnt/public_html/ride.drivvy.com.au/public/drivvydb.php on line 866
[14-Feb-2025 10:04:39 UTC] PHP Warning:  Undefined variable $ag in /home/x7mahm76frnt/public_html/ride.drivvy.com.au/public/drivvydb.php on line 866
[14-Feb-2025 10:04:39 UTC] PHP Warning:  Undefined variable $ag in /home/x7mahm76frnt/public_html/ride.drivvy.com.au/public/drivvydb.php on line 866
[14-Feb-2025 10:04:39 UTC] PHP Warning:  Undefined variable $ag in /home/x7mahm76frnt/public_html/ride.drivvy.com.au/public/drivvydb.php on line 866
[14-Feb-2025 10:04:39 UTC] PHP Warning:  Undefined variable $ag in /home/x7mahm76frnt/public_html/ride.drivvy.com.au/public/drivvydb.php on line 866
[14-Feb-2025 10:04:39 UTC] PHP Warning:  Undefined variable $ag in /home/x7mahm76frnt/public_html/ride.drivvy.com.au/public/drivvydb.php on line 866
[14-Feb-2025 10:04:39 UTC] PHP Warning:  Undefined variable $ag in /home/x7mahm76frnt/public_html/ride.drivvy.com.au/public/drivvydb.php on line 866
[14-Feb-2025 10:04:39 UTC] PHP Warning:  Undefined variable $ag in /home/x7mahm76frnt/public_html/ride.drivvy.com.au/public/drivvydb.php on line 866
[14-Feb-2025 10:04:39 UTC] PHP Warning:  Undefined variable $ag in /home/x7mahm76frnt/public_html/ride.drivvy.com.au/public/drivvydb.php on line 866
[14-Feb-2025 10:04:39 UTC] PHP Warning:  Undefined variable $ag in /home/x7mahm76frnt/public_html/ride.drivvy.com.au/public/drivvydb.php on line 866
[14-Feb-2025 10:04:39 UTC] PHP Warning:  Undefined variable $ag in /home/x7mahm76frnt/public_html/ride.drivvy.com.au/public/drivvydb.php on line 866
[14-Feb-2025 10:04:39 UTC] PHP Warning:  Undefined variable $ag in /home/x7mahm76frnt/public_html/ride.drivvy.com.au/public/drivvydb.php on line 866
[14-Feb-2025 10:04:39 UTC] PHP Warning:  Undefined variable $ag in /home/x7mahm76frnt/public_html/ride.drivvy.com.au/public/drivvydb.php on line 866
[14-Feb-2025 10:04:39 UTC] PHP Warning:  Undefined variable $ag in /home/x7mahm76frnt/public_html/ride.drivvy.com.au/public/drivvydb.php on line 866
[14-Feb-2025 10:04:39 UTC] PHP Warning:  Undefined variable $ag in /home/x7mahm76frnt/public_html/ride.drivvy.com.au/public/drivvydb.php on line 866
[14-Feb-2025 10:04:39 UTC] PHP Warning:  Undefined variable $ag in /home/x7mahm76frnt/public_html/ride.drivvy.com.au/public/drivvydb.php on line 866
[14-Feb-2025 10:04:39 UTC] PHP Warning:  Undefined variable $ag in /home/x7mahm76frnt/public_html/ride.drivvy.com.au/public/drivvydb.php on line 866
[14-Feb-2025 11:12:14 UTC] PHP Warning:  Undefined variable $ag in /home/x7mahm76frnt/public_html/ride.drivvy.com.au/public/drivvydb.php on line 866
[14-Feb-2025 11:12:14 UTC] PHP Warning:  Undefined variable $ag in /home/x7mahm76frnt/public_html/ride.drivvy.com.au/public/drivvydb.php on line 866
[14-Feb-2025 11:12:14 UTC] PHP Warning:  Undefined variable $ag in /home/x7mahm76frnt/public_html/ride.drivvy.com.au/public/drivvydb.php on line 866
[14-Feb-2025 11:12:14 UTC] PHP Warning:  Undefined variable $ag in /home/x7mahm76frnt/public_html/ride.drivvy.com.au/public/drivvydb.php on line 866
[14-Feb-2025 11:12:14 UTC] PHP Warning:  Undefined variable $ag in /home/x7mahm76frnt/public_html/ride.drivvy.com.au/public/drivvydb.php on line 866
[14-Feb-2025 11:12:14 UTC] PHP Warning:  Undefined variable $ag in /home/x7mahm76frnt/public_html/ride.drivvy.com.au/public/drivvydb.php on line 866
[14-Feb-2025 11:12:14 UTC] PHP Warning:  Undefined variable $ag in /home/x7mahm76frnt/public_html/ride.drivvy.com.au/public/drivvydb.php on line 866
[14-Feb-2025 11:12:14 UTC] PHP Warning:  Undefined variable $ag in /home/x7mahm76frnt/public_html/ride.drivvy.com.au/public/drivvydb.php on line 866
[14-Feb-2025 11:12:14 UTC] PHP Warning:  Undefined variable $ag in /home/x7mahm76frnt/public_html/ride.drivvy.com.au/public/drivvydb.php on line 866
[14-Feb-2025 11:12:14 UTC] PHP Warning:  Undefined variable $ag in /home/x7mahm76frnt/public_html/ride.drivvy.com.au/public/drivvydb.php on line 866
[14-Feb-2025 11:12:14 UTC] PHP Warning:  Undefined variable $ag in /home/x7mahm76frnt/public_html/ride.drivvy.com.au/public/drivvydb.php on line 866
[14-Feb-2025 11:12:14 UTC] PHP Warning:  Undefined variable $ag in /home/x7mahm76frnt/public_html/ride.drivvy.com.au/public/drivvydb.php on line 866
[14-Feb-2025 11:12:14 UTC] PHP Warning:  Undefined variable $ag in /home/x7mahm76frnt/public_html/ride.drivvy.com.au/public/drivvydb.php on line 866
[14-Feb-2025 11:12:14 UTC] PHP Warning:  Undefined variable $ag in /home/x7mahm76frnt/public_html/ride.drivvy.com.au/public/drivvydb.php on line 866
[14-Feb-2025 11:12:14 UTC] PHP Warning:  Undefined variable $ag in /home/x7mahm76frnt/public_html/ride.drivvy.com.au/public/drivvydb.php on line 866
[14-Feb-2025 11:12:14 UTC] PHP Warning:  Undefined variable $ag in /home/x7mahm76frnt/public_html/ride.drivvy.com.au/public/drivvydb.php on line 866
[14-Feb-2025 11:12:14 UTC] PHP Warning:  Undefined variable $ag in /home/x7mahm76frnt/public_html/ride.drivvy.com.au/public/drivvydb.php on line 866
[14-Feb-2025 11:12:14 UTC] PHP Warning:  Undefined variable $ag in /home/x7mahm76frnt/public_html/ride.drivvy.com.au/public/drivvydb.php on line 866
[14-Feb-2025 11:12:14 UTC] PHP Warning:  Undefined variable $ag in /home/x7mahm76frnt/public_html/ride.drivvy.com.au/public/drivvydb.php on line 866
[17-Feb-2025 05:37:58 UTC] PHP Warning:  Undefined variable $ag in /home/x7mahm76frnt/public_html/ride.drivvy.com.au/public/drivvydb.php on line 866
[17-Feb-2025 05:37:58 UTC] PHP Warning:  Undefined variable $ag in /home/x7mahm76frnt/public_html/ride.drivvy.com.au/public/drivvydb.php on line 866
[17-Feb-2025 05:37:58 UTC] PHP Warning:  Undefined variable $ag in /home/x7mahm76frnt/public_html/ride.drivvy.com.au/public/drivvydb.php on line 866
[17-Feb-2025 05:37:58 UTC] PHP Warning:  Undefined variable $ag in /home/x7mahm76frnt/public_html/ride.drivvy.com.au/public/drivvydb.php on line 866
[17-Feb-2025 05:37:58 UTC] PHP Warning:  Undefined variable $ag in /home/x7mahm76frnt/public_html/ride.drivvy.com.au/public/drivvydb.php on line 866
[17-Feb-2025 05:37:58 UTC] PHP Warning:  Undefined variable $ag in /home/x7mahm76frnt/public_html/ride.drivvy.com.au/public/drivvydb.php on line 866
[17-Feb-2025 05:37:58 UTC] PHP Warning:  Undefined variable $ag in /home/x7mahm76frnt/public_html/ride.drivvy.com.au/public/drivvydb.php on line 866
[17-Feb-2025 05:37:58 UTC] PHP Warning:  Undefined variable $ag in /home/x7mahm76frnt/public_html/ride.drivvy.com.au/public/drivvydb.php on line 866
[17-Feb-2025 05:37:58 UTC] PHP Warning:  Undefined variable $ag in /home/x7mahm76frnt/public_html/ride.drivvy.com.au/public/drivvydb.php on line 866
[17-Feb-2025 05:37:58 UTC] PHP Warning:  Undefined variable $ag in /home/x7mahm76frnt/public_html/ride.drivvy.com.au/public/drivvydb.php on line 866
[17-Feb-2025 05:37:58 UTC] PHP Warning:  Undefined variable $ag in /home/x7mahm76frnt/public_html/ride.drivvy.com.au/public/drivvydb.php on line 866
[17-Feb-2025 05:37:58 UTC] PHP Warning:  Undefined variable $ag in /home/x7mahm76frnt/public_html/ride.drivvy.com.au/public/drivvydb.php on line 866
[17-Feb-2025 05:37:58 UTC] PHP Warning:  Undefined variable $ag in /home/x7mahm76frnt/public_html/ride.drivvy.com.au/public/drivvydb.php on line 866
[17-Feb-2025 05:37:58 UTC] PHP Warning:  Undefined variable $ag in /home/x7mahm76frnt/public_html/ride.drivvy.com.au/public/drivvydb.php on line 866
[17-Feb-2025 05:37:58 UTC] PHP Warning:  Undefined variable $ag in /home/x7mahm76frnt/public_html/ride.drivvy.com.au/public/drivvydb.php on line 866
[17-Feb-2025 05:37:58 UTC] PHP Warning:  Undefined variable $ag in /home/x7mahm76frnt/public_html/ride.drivvy.com.au/public/drivvydb.php on line 866
[17-Feb-2025 05:37:58 UTC] PHP Warning:  Undefined variable $ag in /home/x7mahm76frnt/public_html/ride.drivvy.com.au/public/drivvydb.php on line 866
[17-Feb-2025 05:37:58 UTC] PHP Warning:  Undefined variable $ag in /home/x7mahm76frnt/public_html/ride.drivvy.com.au/public/drivvydb.php on line 866
[17-Feb-2025 05:37:58 UTC] PHP Warning:  Undefined variable $ag in /home/x7mahm76frnt/public_html/ride.drivvy.com.au/public/drivvydb.php on line 866
[27-Feb-2025 06:33:40 UTC] PHP Warning:  Undefined variable $ag in /home/x7mahm76frnt/public_html/ride.drivvy.com.au/public/drivvydb.php on line 866
[27-Feb-2025 06:33:40 UTC] PHP Warning:  Undefined variable $ag in /home/x7mahm76frnt/public_html/ride.drivvy.com.au/public/drivvydb.php on line 866
[27-Feb-2025 06:33:40 UTC] PHP Warning:  Undefined variable $ag in /home/x7mahm76frnt/public_html/ride.drivvy.com.au/public/drivvydb.php on line 866
[27-Feb-2025 06:33:40 UTC] PHP Warning:  Undefined variable $ag in /home/x7mahm76frnt/public_html/ride.drivvy.com.au/public/drivvydb.php on line 866
[27-Feb-2025 06:33:40 UTC] PHP Warning:  Undefined variable $ag in /home/x7mahm76frnt/public_html/ride.drivvy.com.au/public/drivvydb.php on line 866
[27-Feb-2025 06:33:40 UTC] PHP Warning:  Undefined variable $ag in /home/x7mahm76frnt/public_html/ride.drivvy.com.au/public/drivvydb.php on line 866
[27-Feb-2025 06:33:40 UTC] PHP Warning:  Undefined variable $ag in /home/x7mahm76frnt/public_html/ride.drivvy.com.au/public/drivvydb.php on line 866
[27-Feb-2025 06:33:40 UTC] PHP Warning:  Undefined variable $ag in /home/x7mahm76frnt/public_html/ride.drivvy.com.au/public/drivvydb.php on line 866
[27-Feb-2025 06:33:40 UTC] PHP Warning:  Undefined variable $ag in /home/x7mahm76frnt/public_html/ride.drivvy.com.au/public/drivvydb.php on line 866
[27-Feb-2025 06:33:40 UTC] PHP Warning:  Undefined variable $ag in /home/x7mahm76frnt/public_html/ride.drivvy.com.au/public/drivvydb.php on line 866
[27-Feb-2025 06:33:40 UTC] PHP Warning:  Undefined variable $ag in /home/x7mahm76frnt/public_html/ride.drivvy.com.au/public/drivvydb.php on line 866
[27-Feb-2025 06:33:40 UTC] PHP Warning:  Undefined variable $ag in /home/x7mahm76frnt/public_html/ride.drivvy.com.au/public/drivvydb.php on line 866
[27-Feb-2025 06:33:40 UTC] PHP Warning:  Undefined variable $ag in /home/x7mahm76frnt/public_html/ride.drivvy.com.au/public/drivvydb.php on line 866
[27-Feb-2025 06:33:40 UTC] PHP Warning:  Undefined variable $ag in /home/x7mahm76frnt/public_html/ride.drivvy.com.au/public/drivvydb.php on line 866
[27-Feb-2025 06:33:40 UTC] PHP Warning:  Undefined variable $ag in /home/x7mahm76frnt/public_html/ride.drivvy.com.au/public/drivvydb.php on line 866
[27-Feb-2025 06:33:40 UTC] PHP Warning:  Undefined variable $ag in /home/x7mahm76frnt/public_html/ride.drivvy.com.au/public/drivvydb.php on line 866
[27-Feb-2025 06:33:40 UTC] PHP Warning:  Undefined variable $ag in /home/x7mahm76frnt/public_html/ride.drivvy.com.au/public/drivvydb.php on line 866
[27-Feb-2025 06:33:40 UTC] PHP Warning:  Undefined variable $ag in /home/x7mahm76frnt/public_html/ride.drivvy.com.au/public/drivvydb.php on line 866
[27-Feb-2025 06:33:40 UTC] PHP Warning:  Undefined variable $ag in /home/x7mahm76frnt/public_html/ride.drivvy.com.au/public/drivvydb.php on line 866
[19-May-2025 07:17:28 UTC] PHP Warning:  Undefined variable $ag in /home/x7mahm76frnt/public_html/ride.drivvy.com.au/public/drivvydb.php on line 866
[19-May-2025 07:17:28 UTC] PHP Warning:  Undefined variable $ag in /home/x7mahm76frnt/public_html/ride.drivvy.com.au/public/drivvydb.php on line 866
[19-May-2025 07:17:28 UTC] PHP Warning:  Undefined variable $ag in /home/x7mahm76frnt/public_html/ride.drivvy.com.au/public/drivvydb.php on line 866
[19-May-2025 07:17:28 UTC] PHP Warning:  Undefined variable $ag in /home/x7mahm76frnt/public_html/ride.drivvy.com.au/public/drivvydb.php on line 866
[19-May-2025 07:17:28 UTC] PHP Warning:  Undefined variable $ag in /home/x7mahm76frnt/public_html/ride.drivvy.com.au/public/drivvydb.php on line 866
[19-May-2025 07:17:28 UTC] PHP Warning:  Undefined variable $ag in /home/x7mahm76frnt/public_html/ride.drivvy.com.au/public/drivvydb.php on line 866
[19-May-2025 07:17:28 UTC] PHP Warning:  Undefined variable $ag in /home/x7mahm76frnt/public_html/ride.drivvy.com.au/public/drivvydb.php on line 866
[19-May-2025 07:17:28 UTC] PHP Warning:  Undefined variable $ag in /home/x7mahm76frnt/public_html/ride.drivvy.com.au/public/drivvydb.php on line 866
[19-May-2025 07:17:28 UTC] PHP Warning:  Undefined variable $ag in /home/x7mahm76frnt/public_html/ride.drivvy.com.au/public/drivvydb.php on line 866
[19-May-2025 07:17:28 UTC] PHP Warning:  Undefined variable $ag in /home/x7mahm76frnt/public_html/ride.drivvy.com.au/public/drivvydb.php on line 866
[19-May-2025 07:17:28 UTC] PHP Warning:  Undefined variable $ag in /home/x7mahm76frnt/public_html/ride.drivvy.com.au/public/drivvydb.php on line 866
[19-May-2025 07:17:28 UTC] PHP Warning:  Undefined variable $ag in /home/x7mahm76frnt/public_html/ride.drivvy.com.au/public/drivvydb.php on line 866
[19-May-2025 07:17:28 UTC] PHP Warning:  Undefined variable $ag in /home/x7mahm76frnt/public_html/ride.drivvy.com.au/public/drivvydb.php on line 866
[19-May-2025 07:17:28 UTC] PHP Warning:  Undefined variable $ag in /home/x7mahm76frnt/public_html/ride.drivvy.com.au/public/drivvydb.php on line 866
[19-May-2025 07:17:28 UTC] PHP Warning:  Undefined variable $ag in /home/x7mahm76frnt/public_html/ride.drivvy.com.au/public/drivvydb.php on line 866
[19-May-2025 07:17:28 UTC] PHP Warning:  Undefined variable $ag in /home/x7mahm76frnt/public_html/ride.drivvy.com.au/public/drivvydb.php on line 866
[19-May-2025 07:17:28 UTC] PHP Warning:  Undefined variable $ag in /home/x7mahm76frnt/public_html/ride.drivvy.com.au/public/drivvydb.php on line 866
[19-May-2025 07:17:28 UTC] PHP Warning:  Undefined variable $ag in /home/x7mahm76frnt/public_html/ride.drivvy.com.au/public/drivvydb.php on line 866
[19-May-2025 07:17:28 UTC] PHP Warning:  Undefined variable $ag in /home/x7mahm76frnt/public_html/ride.drivvy.com.au/public/drivvydb.php on line 866
[19-May-2025 07:21:09 UTC] PHP Warning:  Undefined variable $ag in /home/x7mahm76frnt/public_html/ride.drivvy.com.au/public/drivvydb.php on line 866
[19-May-2025 07:21:09 UTC] PHP Warning:  Undefined variable $ag in /home/x7mahm76frnt/public_html/ride.drivvy.com.au/public/drivvydb.php on line 866
[19-May-2025 07:21:09 UTC] PHP Warning:  Undefined variable $ag in /home/x7mahm76frnt/public_html/ride.drivvy.com.au/public/drivvydb.php on line 866
[19-May-2025 07:21:09 UTC] PHP Warning:  Undefined variable $ag in /home/x7mahm76frnt/public_html/ride.drivvy.com.au/public/drivvydb.php on line 866
[19-May-2025 07:21:09 UTC] PHP Warning:  Undefined variable $ag in /home/x7mahm76frnt/public_html/ride.drivvy.com.au/public/drivvydb.php on line 866
[19-May-2025 07:21:09 UTC] PHP Warning:  Undefined variable $ag in /home/x7mahm76frnt/public_html/ride.drivvy.com.au/public/drivvydb.php on line 866
[19-May-2025 07:21:09 UTC] PHP Warning:  Undefined variable $ag in /home/x7mahm76frnt/public_html/ride.drivvy.com.au/public/drivvydb.php on line 866
[19-May-2025 07:21:09 UTC] PHP Warning:  Undefined variable $ag in /home/x7mahm76frnt/public_html/ride.drivvy.com.au/public/drivvydb.php on line 866
[19-May-2025 07:21:09 UTC] PHP Warning:  Undefined variable $ag in /home/x7mahm76frnt/public_html/ride.drivvy.com.au/public/drivvydb.php on line 866
[19-May-2025 07:21:09 UTC] PHP Warning:  Undefined variable $ag in /home/x7mahm76frnt/public_html/ride.drivvy.com.au/public/drivvydb.php on line 866
[19-May-2025 07:21:09 UTC] PHP Warning:  Undefined variable $ag in /home/x7mahm76frnt/public_html/ride.drivvy.com.au/public/drivvydb.php on line 866
[19-May-2025 07:21:09 UTC] PHP Warning:  Undefined variable $ag in /home/x7mahm76frnt/public_html/ride.drivvy.com.au/public/drivvydb.php on line 866
[19-May-2025 07:21:09 UTC] PHP Warning:  Undefined variable $ag in /home/x7mahm76frnt/public_html/ride.drivvy.com.au/public/drivvydb.php on line 866
[19-May-2025 07:21:09 UTC] PHP Warning:  Undefined variable $ag in /home/x7mahm76frnt/public_html/ride.drivvy.com.au/public/drivvydb.php on line 866
[19-May-2025 07:21:09 UTC] PHP Warning:  Undefined variable $ag in /home/x7mahm76frnt/public_html/ride.drivvy.com.au/public/drivvydb.php on line 866
[19-May-2025 07:21:09 UTC] PHP Warning:  Undefined variable $ag in /home/x7mahm76frnt/public_html/ride.drivvy.com.au/public/drivvydb.php on line 866
[19-May-2025 07:21:09 UTC] PHP Warning:  Undefined variable $ag in /home/x7mahm76frnt/public_html/ride.drivvy.com.au/public/drivvydb.php on line 866
[19-May-2025 07:21:09 UTC] PHP Warning:  Undefined variable $ag in /home/x7mahm76frnt/public_html/ride.drivvy.com.au/public/drivvydb.php on line 866
[19-May-2025 07:21:09 UTC] PHP Warning:  Undefined variable $ag in /home/x7mahm76frnt/public_html/ride.drivvy.com.au/public/drivvydb.php on line 866
[19-May-2025 07:21:30 UTC] PHP Warning:  Undefined variable $ag in /home/x7mahm76frnt/public_html/ride.drivvy.com.au/public/drivvydb.php on line 866
[19-May-2025 07:21:30 UTC] PHP Warning:  Undefined variable $ag in /home/x7mahm76frnt/public_html/ride.drivvy.com.au/public/drivvydb.php on line 866
[19-May-2025 07:21:30 UTC] PHP Warning:  Undefined variable $ag in /home/x7mahm76frnt/public_html/ride.drivvy.com.au/public/drivvydb.php on line 866
[19-May-2025 07:21:30 UTC] PHP Warning:  Undefined variable $ag in /home/x7mahm76frnt/public_html/ride.drivvy.com.au/public/drivvydb.php on line 866
[19-May-2025 07:21:30 UTC] PHP Warning:  Undefined variable $ag in /home/x7mahm76frnt/public_html/ride.drivvy.com.au/public/drivvydb.php on line 866
[19-May-2025 07:21:30 UTC] PHP Warning:  Undefined variable $ag in /home/x7mahm76frnt/public_html/ride.drivvy.com.au/public/drivvydb.php on line 866
[19-May-2025 07:21:30 UTC] PHP Warning:  Undefined variable $ag in /home/x7mahm76frnt/public_html/ride.drivvy.com.au/public/drivvydb.php on line 866
[19-May-2025 07:21:30 UTC] PHP Warning:  Undefined variable $ag in /home/x7mahm76frnt/public_html/ride.drivvy.com.au/public/drivvydb.php on line 866
[19-May-2025 07:21:30 UTC] PHP Warning:  Undefined variable $ag in /home/x7mahm76frnt/public_html/ride.drivvy.com.au/public/drivvydb.php on line 866
[19-May-2025 07:21:30 UTC] PHP Warning:  Undefined variable $ag in /home/x7mahm76frnt/public_html/ride.drivvy.com.au/public/drivvydb.php on line 866
[19-May-2025 07:21:30 UTC] PHP Warning:  Undefined variable $ag in /home/x7mahm76frnt/public_html/ride.drivvy.com.au/public/drivvydb.php on line 866
[19-May-2025 07:21:30 UTC] PHP Warning:  Undefined variable $ag in /home/x7mahm76frnt/public_html/ride.drivvy.com.au/public/drivvydb.php on line 866
[19-May-2025 07:21:30 UTC] PHP Warning:  Undefined variable $ag in /home/x7mahm76frnt/public_html/ride.drivvy.com.au/public/drivvydb.php on line 866
[19-May-2025 07:21:30 UTC] PHP Warning:  Undefined variable $ag in /home/x7mahm76frnt/public_html/ride.drivvy.com.au/public/drivvydb.php on line 866
[19-May-2025 07:21:30 UTC] PHP Warning:  Undefined variable $ag in /home/x7mahm76frnt/public_html/ride.drivvy.com.au/public/drivvydb.php on line 866
[19-May-2025 07:21:30 UTC] PHP Warning:  Undefined variable $ag in /home/x7mahm76frnt/public_html/ride.drivvy.com.au/public/drivvydb.php on line 866
[19-May-2025 07:21:30 UTC] PHP Warning:  Undefined variable $ag in /home/x7mahm76frnt/public_html/ride.drivvy.com.au/public/drivvydb.php on line 866
[19-May-2025 07:21:30 UTC] PHP Warning:  Undefined variable $ag in /home/x7mahm76frnt/public_html/ride.drivvy.com.au/public/drivvydb.php on line 866
[19-May-2025 07:21:30 UTC] PHP Warning:  Undefined variable $ag in /home/x7mahm76frnt/public_html/ride.drivvy.com.au/public/drivvydb.php on line 866
[19-May-2025 07:21:33 UTC] PHP Warning:  Undefined variable $ag in /home/x7mahm76frnt/public_html/ride.drivvy.com.au/public/drivvydb.php on line 866
[19-May-2025 07:21:33 UTC] PHP Warning:  Undefined variable $ag in /home/x7mahm76frnt/public_html/ride.drivvy.com.au/public/drivvydb.php on line 866
[19-May-2025 07:21:33 UTC] PHP Warning:  Undefined variable $ag in /home/x7mahm76frnt/public_html/ride.drivvy.com.au/public/drivvydb.php on line 866
[19-May-2025 07:21:33 UTC] PHP Warning:  Undefined variable $ag in /home/x7mahm76frnt/public_html/ride.drivvy.com.au/public/drivvydb.php on line 866
[19-May-2025 07:21:33 UTC] PHP Warning:  Undefined variable $ag in /home/x7mahm76frnt/public_html/ride.drivvy.com.au/public/drivvydb.php on line 866
[19-May-2025 07:21:33 UTC] PHP Warning:  Undefined variable $ag in /home/x7mahm76frnt/public_html/ride.drivvy.com.au/public/drivvydb.php on line 866
[19-May-2025 07:21:33 UTC] PHP Warning:  Undefined variable $ag in /home/x7mahm76frnt/public_html/ride.drivvy.com.au/public/drivvydb.php on line 866
[19-May-2025 07:21:33 UTC] PHP Warning:  Undefined variable $ag in /home/x7mahm76frnt/public_html/ride.drivvy.com.au/public/drivvydb.php on line 866
[19-May-2025 07:21:33 UTC] PHP Warning:  Undefined variable $ag in /home/x7mahm76frnt/public_html/ride.drivvy.com.au/public/drivvydb.php on line 866
[19-May-2025 07:21:33 UTC] PHP Warning:  Undefined variable $ag in /home/x7mahm76frnt/public_html/ride.drivvy.com.au/public/drivvydb.php on line 866
[19-May-2025 07:21:33 UTC] PHP Warning:  Undefined variable $ag in /home/x7mahm76frnt/public_html/ride.drivvy.com.au/public/drivvydb.php on line 866
[19-May-2025 07:21:33 UTC] PHP Warning:  Undefined variable $ag in /home/x7mahm76frnt/public_html/ride.drivvy.com.au/public/drivvydb.php on line 866
[19-May-2025 07:21:33 UTC] PHP Warning:  Undefined variable $ag in /home/x7mahm76frnt/public_html/ride.drivvy.com.au/public/drivvydb.php on line 866
[19-May-2025 07:21:33 UTC] PHP Warning:  Undefined variable $ag in /home/x7mahm76frnt/public_html/ride.drivvy.com.au/public/drivvydb.php on line 866
[19-May-2025 07:21:33 UTC] PHP Warning:  Undefined variable $ag in /home/x7mahm76frnt/public_html/ride.drivvy.com.au/public/drivvydb.php on line 866
[19-May-2025 07:21:33 UTC] PHP Warning:  Undefined variable $ag in /home/x7mahm76frnt/public_html/ride.drivvy.com.au/public/drivvydb.php on line 866
[19-May-2025 07:21:33 UTC] PHP Warning:  Undefined variable $ag in /home/x7mahm76frnt/public_html/ride.drivvy.com.au/public/drivvydb.php on line 866
[19-May-2025 07:21:33 UTC] PHP Warning:  Undefined variable $ag in /home/x7mahm76frnt/public_html/ride.drivvy.com.au/public/drivvydb.php on line 866
[19-May-2025 07:21:33 UTC] PHP Warning:  Undefined variable $ag in /home/x7mahm76frnt/public_html/ride.drivvy.com.au/public/drivvydb.php on line 866
[08-Jul-2025 07:10:02 UTC] PHP Warning:  Undefined variable $ag in /home/x7mahm76frnt/public_html/ride.drivvy.com.au/public/drivvydb.php on line 866
[08-Jul-2025 07:10:02 UTC] PHP Warning:  Undefined variable $ag in /home/x7mahm76frnt/public_html/ride.drivvy.com.au/public/drivvydb.php on line 866
[08-Jul-2025 07:10:02 UTC] PHP Warning:  Undefined variable $ag in /home/x7mahm76frnt/public_html/ride.drivvy.com.au/public/drivvydb.php on line 866
[08-Jul-2025 07:10:02 UTC] PHP Warning:  Undefined variable $ag in /home/x7mahm76frnt/public_html/ride.drivvy.com.au/public/drivvydb.php on line 866
[08-Jul-2025 07:10:02 UTC] PHP Warning:  Undefined variable $ag in /home/x7mahm76frnt/public_html/ride.drivvy.com.au/public/drivvydb.php on line 866
[08-Jul-2025 07:10:02 UTC] PHP Warning:  Undefined variable $ag in /home/x7mahm76frnt/public_html/ride.drivvy.com.au/public/drivvydb.php on line 866
[08-Jul-2025 07:10:02 UTC] PHP Warning:  Undefined variable $ag in /home/x7mahm76frnt/public_html/ride.drivvy.com.au/public/drivvydb.php on line 866
[08-Jul-2025 07:10:02 UTC] PHP Warning:  Undefined variable $ag in /home/x7mahm76frnt/public_html/ride.drivvy.com.au/public/drivvydb.php on line 866
[08-Jul-2025 07:10:02 UTC] PHP Warning:  Undefined variable $ag in /home/x7mahm76frnt/public_html/ride.drivvy.com.au/public/drivvydb.php on line 866
[08-Jul-2025 07:10:02 UTC] PHP Warning:  Undefined variable $ag in /home/x7mahm76frnt/public_html/ride.drivvy.com.au/public/drivvydb.php on line 866
[08-Jul-2025 07:10:02 UTC] PHP Warning:  Undefined variable $ag in /home/x7mahm76frnt/public_html/ride.drivvy.com.au/public/drivvydb.php on line 866
[08-Jul-2025 07:10:02 UTC] PHP Warning:  Undefined variable $ag in /home/x7mahm76frnt/public_html/ride.drivvy.com.au/public/drivvydb.php on line 866
[08-Jul-2025 07:10:02 UTC] PHP Warning:  Undefined variable $ag in /home/x7mahm76frnt/public_html/ride.drivvy.com.au/public/drivvydb.php on line 866
[08-Jul-2025 07:10:02 UTC] PHP Warning:  Undefined variable $ag in /home/x7mahm76frnt/public_html/ride.drivvy.com.au/public/drivvydb.php on line 866
[08-Jul-2025 07:10:02 UTC] PHP Warning:  Undefined variable $ag in /home/x7mahm76frnt/public_html/ride.drivvy.com.au/public/drivvydb.php on line 866
[08-Jul-2025 07:10:02 UTC] PHP Warning:  Undefined variable $ag in /home/x7mahm76frnt/public_html/ride.drivvy.com.au/public/drivvydb.php on line 866
[08-Jul-2025 07:10:02 UTC] PHP Warning:  Undefined variable $ag in /home/x7mahm76frnt/public_html/ride.drivvy.com.au/public/drivvydb.php on line 866
[08-Jul-2025 07:10:02 UTC] PHP Warning:  Undefined variable $ag in /home/x7mahm76frnt/public_html/ride.drivvy.com.au/public/drivvydb.php on line 866
[08-Jul-2025 07:10:02 UTC] PHP Warning:  Undefined variable $ag in /home/x7mahm76frnt/public_html/ride.drivvy.com.au/public/drivvydb.php on line 866
[08-Jul-2025 07:10:07 UTC] PHP Warning:  Undefined variable $ag in /home/x7mahm76frnt/public_html/ride.drivvy.com.au/public/drivvydb.php on line 866
[08-Jul-2025 07:10:07 UTC] PHP Warning:  Undefined variable $ag in /home/x7mahm76frnt/public_html/ride.drivvy.com.au/public/drivvydb.php on line 866
[08-Jul-2025 07:10:07 UTC] PHP Warning:  Undefined variable $ag in /home/x7mahm76frnt/public_html/ride.drivvy.com.au/public/drivvydb.php on line 866
[08-Jul-2025 07:10:07 UTC] PHP Warning:  Undefined variable $ag in /home/x7mahm76frnt/public_html/ride.drivvy.com.au/public/drivvydb.php on line 866
[08-Jul-2025 07:10:07 UTC] PHP Warning:  Undefined variable $ag in /home/x7mahm76frnt/public_html/ride.drivvy.com.au/public/drivvydb.php on line 866
[08-Jul-2025 07:10:07 UTC] PHP Warning:  Undefined variable $ag in /home/x7mahm76frnt/public_html/ride.drivvy.com.au/public/drivvydb.php on line 866
[08-Jul-2025 07:10:07 UTC] PHP Warning:  Undefined variable $ag in /home/x7mahm76frnt/public_html/ride.drivvy.com.au/public/drivvydb.php on line 866
[08-Jul-2025 07:10:07 UTC] PHP Warning:  Undefined variable $ag in /home/x7mahm76frnt/public_html/ride.drivvy.com.au/public/drivvydb.php on line 866
[08-Jul-2025 07:10:07 UTC] PHP Warning:  Undefined variable $ag in /home/x7mahm76frnt/public_html/ride.drivvy.com.au/public/drivvydb.php on line 866
[08-Jul-2025 07:10:07 UTC] PHP Warning:  Undefined variable $ag in /home/x7mahm76frnt/public_html/ride.drivvy.com.au/public/drivvydb.php on line 866
[08-Jul-2025 07:10:07 UTC] PHP Warning:  Undefined variable $ag in /home/x7mahm76frnt/public_html/ride.drivvy.com.au/public/drivvydb.php on line 866
[08-Jul-2025 07:10:07 UTC] PHP Warning:  Undefined variable $ag in /home/x7mahm76frnt/public_html/ride.drivvy.com.au/public/drivvydb.php on line 866
[08-Jul-2025 07:10:07 UTC] PHP Warning:  Undefined variable $ag in /home/x7mahm76frnt/public_html/ride.drivvy.com.au/public/drivvydb.php on line 866
[08-Jul-2025 07:10:07 UTC] PHP Warning:  Undefined variable $ag in /home/x7mahm76frnt/public_html/ride.drivvy.com.au/public/drivvydb.php on line 866
[08-Jul-2025 07:10:07 UTC] PHP Warning:  Undefined variable $ag in /home/x7mahm76frnt/public_html/ride.drivvy.com.au/public/drivvydb.php on line 866
[08-Jul-2025 07:10:07 UTC] PHP Warning:  Undefined variable $ag in /home/x7mahm76frnt/public_html/ride.drivvy.com.au/public/drivvydb.php on line 866
[08-Jul-2025 07:10:07 UTC] PHP Warning:  Undefined variable $ag in /home/x7mahm76frnt/public_html/ride.drivvy.com.au/public/drivvydb.php on line 866
[08-Jul-2025 07:10:07 UTC] PHP Warning:  Undefined variable $ag in /home/x7mahm76frnt/public_html/ride.drivvy.com.au/public/drivvydb.php on line 866
[08-Jul-2025 07:10:07 UTC] PHP Warning:  Undefined variable $ag in /home/x7mahm76frnt/public_html/ride.drivvy.com.au/public/drivvydb.php on line 866
